00:47:34.485 [main] INFO  tec.bd.weather.App - Application startup
00:47:35.969 [main] DEBUG jdk.event.security - X509Certificate: Alg:SHA256withRSA, Serial:2, Subject:CN=MySQL_Server_8.0.34_Auto_Generated_Server_Certificate, Issuer:CN=MySQL_Server_8.0.34_Auto_Generated_CA_Certificate, Key type:RSA, Length:2048, Cert Id:3403965924, Valid from:21/9/23, 08:00, Valid until:18/9/33, 08:00
00:47:35.970 [main] DEBUG jdk.event.security - X509Certificate: Alg:SHA256withRSA, Serial:1, Subject:CN=MySQL_Server_8.0.34_Auto_Generated_CA_Certificate, Issuer:CN=MySQL_Server_8.0.34_Auto_Generated_CA_Certificate, Key type:RSA, Length:2048, Cert Id:1620812319, Valid from:21/9/23, 08:00, Valid until:18/9/33, 08:00
00:47:35.997 [main] DEBUG jdk.event.security -  TLSHandshake: localhost:3306, TLSv1.3, TLS_AES_256_GCM_SHA384, 3403965924
00:53:59.230 [main] INFO  tec.bd.weather.App - Application startup
00:53:59.833 [main] DEBUG jdk.event.security - X509Certificate: Alg:SHA256withRSA, Serial:2, Subject:CN=MySQL_Server_8.0.34_Auto_Generated_Server_Certificate, Issuer:CN=MySQL_Server_8.0.34_Auto_Generated_CA_Certificate, Key type:RSA, Length:2048, Cert Id:3403965924, Valid from:21/9/23, 08:00, Valid until:18/9/33, 08:00
00:53:59.834 [main] DEBUG jdk.event.security - X509Certificate: Alg:SHA256withRSA, Serial:1, Subject:CN=MySQL_Server_8.0.34_Auto_Generated_CA_Certificate, Issuer:CN=MySQL_Server_8.0.34_Auto_Generated_CA_Certificate, Key type:RSA, Length:2048, Cert Id:1620812319, Valid from:21/9/23, 08:00, Valid until:18/9/33, 08:00
00:53:59.847 [main] DEBUG jdk.event.security -  TLSHandshake: localhost:3306, TLSv1.3, TLS_AES_256_GCM_SHA384, 3403965924
00:55:30.534 [main] INFO  tec.bd.weather.App - Application startup
00:55:31.465 [main] DEBUG jdk.event.security - X509Certificate: Alg:SHA256withRSA, Serial:2, Subject:CN=MySQL_Server_8.0.34_Auto_Generated_Server_Certificate, Issuer:CN=MySQL_Server_8.0.34_Auto_Generated_CA_Certificate, Key type:RSA, Length:2048, Cert Id:3403965924, Valid from:21/9/23, 08:00, Valid until:18/9/33, 08:00
00:55:31.466 [main] DEBUG jdk.event.security - X509Certificate: Alg:SHA256withRSA, Serial:1, Subject:CN=MySQL_Server_8.0.34_Auto_Generated_CA_Certificate, Issuer:CN=MySQL_Server_8.0.34_Auto_Generated_CA_Certificate, Key type:RSA, Length:2048, Cert Id:1620812319, Valid from:21/9/23, 08:00, Valid until:18/9/33, 08:00
00:55:31.479 [main] DEBUG jdk.event.security -  TLSHandshake: localhost:3306, TLSv1.3, TLS_AES_256_GCM_SHA384, 3403965924
00:57:55.293 [main] INFO  tec.bd.weather.App - Application startup
00:57:55.874 [main] DEBUG jdk.event.security - X509Certificate: Alg:SHA256withRSA, Serial:2, Subject:CN=MySQL_Server_8.0.34_Auto_Generated_Server_Certificate, Issuer:CN=MySQL_Server_8.0.34_Auto_Generated_CA_Certificate, Key type:RSA, Length:2048, Cert Id:3403965924, Valid from:21/9/23, 08:00, Valid until:18/9/33, 08:00
00:57:55.875 [main] DEBUG jdk.event.security - X509Certificate: Alg:SHA256withRSA, Serial:1, Subject:CN=MySQL_Server_8.0.34_Auto_Generated_CA_Certificate, Issuer:CN=MySQL_Server_8.0.34_Auto_Generated_CA_Certificate, Key type:RSA, Length:2048, Cert Id:1620812319, Valid from:21/9/23, 08:00, Valid until:18/9/33, 08:00
00:57:55.889 [main] DEBUG jdk.event.security -  TLSHandshake: localhost:3306, TLSv1.3, TLS_AES_256_GCM_SHA384, 3403965924
00:58:29.425 [main] INFO  tec.bd.weather.App - Application startup
00:58:30.138 [main] DEBUG jdk.event.security - X509Certificate: Alg:SHA256withRSA, Serial:2, Subject:CN=MySQL_Server_8.0.34_Auto_Generated_Server_Certificate, Issuer:CN=MySQL_Server_8.0.34_Auto_Generated_CA_Certificate, Key type:RSA, Length:2048, Cert Id:3403965924, Valid from:21/9/23, 08:00, Valid until:18/9/33, 08:00
00:58:30.139 [main] DEBUG jdk.event.security - X509Certificate: Alg:SHA256withRSA, Serial:1, Subject:CN=MySQL_Server_8.0.34_Auto_Generated_CA_Certificate, Issuer:CN=MySQL_Server_8.0.34_Auto_Generated_CA_Certificate, Key type:RSA, Length:2048, Cert Id:1620812319, Valid from:21/9/23, 08:00, Valid until:18/9/33, 08:00
00:58:30.162 [main] DEBUG jdk.event.security -  TLSHandshake: localhost:3306, TLSv1.3, TLS_AES_256_GCM_SHA384, 3403965924
01:01:24.881 [main] INFO  tec.bd.weather.App - Application startup
01:01:25.527 [main] DEBUG jdk.event.security - X509Certificate: Alg:SHA256withRSA, Serial:2, Subject:CN=MySQL_Server_8.0.34_Auto_Generated_Server_Certificate, Issuer:CN=MySQL_Server_8.0.34_Auto_Generated_CA_Certificate, Key type:RSA, Length:2048, Cert Id:3403965924, Valid from:21/9/23, 08:00, Valid until:18/9/33, 08:00
01:01:25.528 [main] DEBUG jdk.event.security - X509Certificate: Alg:SHA256withRSA, Serial:1, Subject:CN=MySQL_Server_8.0.34_Auto_Generated_CA_Certificate, Issuer:CN=MySQL_Server_8.0.34_Auto_Generated_CA_Certificate, Key type:RSA, Length:2048, Cert Id:1620812319, Valid from:21/9/23, 08:00, Valid until:18/9/33, 08:00
01:01:25.542 [main] DEBUG jdk.event.security -  TLSHandshake: localhost:3306, TLSv1.3, TLS_AES_256_GCM_SHA384, 3403965924
01:06:23.048 [main] INFO  tec.bd.weather.App - Application startup
01:06:23.808 [main] DEBUG jdk.event.security - X509Certificate: Alg:SHA256withRSA, Serial:2, Subject:CN=MySQL_Server_8.0.34_Auto_Generated_Server_Certificate, Issuer:CN=MySQL_Server_8.0.34_Auto_Generated_CA_Certificate, Key type:RSA, Length:2048, Cert Id:3403965924, Valid from:21/9/23, 08:00, Valid until:18/9/33, 08:00
01:06:23.810 [main] DEBUG jdk.event.security - X509Certificate: Alg:SHA256withRSA, Serial:1, Subject:CN=MySQL_Server_8.0.34_Auto_Generated_CA_Certificate, Issuer:CN=MySQL_Server_8.0.34_Auto_Generated_CA_Certificate, Key type:RSA, Length:2048, Cert Id:1620812319, Valid from:21/9/23, 08:00, Valid until:18/9/33, 08:00
01:06:23.823 [main] DEBUG jdk.event.security -  TLSHandshake: localhost:3306, TLSv1.3, TLS_AES_256_GCM_SHA384, 3403965924
01:10:35.035 [main] INFO  tec.bd.weather.App - Application startup
01:10:35.664 [main] DEBUG jdk.event.security - X509Certificate: Alg:SHA256withRSA, Serial:2, Subject:CN=MySQL_Server_8.0.34_Auto_Generated_Server_Certificate, Issuer:CN=MySQL_Server_8.0.34_Auto_Generated_CA_Certificate, Key type:RSA, Length:2048, Cert Id:3403965924, Valid from:21/9/23, 08:00, Valid until:18/9/33, 08:00
01:10:35.666 [main] DEBUG jdk.event.security - X509Certificate: Alg:SHA256withRSA, Serial:1, Subject:CN=MySQL_Server_8.0.34_Auto_Generated_CA_Certificate, Issuer:CN=MySQL_Server_8.0.34_Auto_Generated_CA_Certificate, Key type:RSA, Length:2048, Cert Id:1620812319, Valid from:21/9/23, 08:00, Valid until:18/9/33, 08:00
01:10:35.684 [main] DEBUG jdk.event.security -  TLSHandshake: localhost:3306, TLSv1.3, TLS_AES_256_GCM_SHA384, 3403965924
01:15:58.936 [main] INFO  tec.bd.weather.App - Application startup
01:15:59.574 [main] DEBUG jdk.event.security - X509Certificate: Alg:SHA256withRSA, Serial:2, Subject:CN=MySQL_Server_8.0.34_Auto_Generated_Server_Certificate, Issuer:CN=MySQL_Server_8.0.34_Auto_Generated_CA_Certificate, Key type:RSA, Length:2048, Cert Id:3403965924, Valid from:21/9/23, 08:00, Valid until:18/9/33, 08:00
01:15:59.575 [main] DEBUG jdk.event.security - X509Certificate: Alg:SHA256withRSA, Serial:1, Subject:CN=MySQL_Server_8.0.34_Auto_Generated_CA_Certificate, Issuer:CN=MySQL_Server_8.0.34_Auto_Generated_CA_Certificate, Key type:RSA, Length:2048, Cert Id:1620812319, Valid from:21/9/23, 08:00, Valid until:18/9/33, 08:00
01:15:59.588 [main] DEBUG jdk.event.security -  TLSHandshake: localhost:3306, TLSv1.3, TLS_AES_256_GCM_SHA384, 3403965924
01:21:47.373 [main] INFO  tec.bd.weather.App - Application startup
01:21:47.974 [main] DEBUG jdk.event.security - X509Certificate: Alg:SHA256withRSA, Serial:2, Subject:CN=MySQL_Server_8.0.34_Auto_Generated_Server_Certificate, Issuer:CN=MySQL_Server_8.0.34_Auto_Generated_CA_Certificate, Key type:RSA, Length:2048, Cert Id:3403965924, Valid from:21/9/23, 08:00, Valid until:18/9/33, 08:00
01:21:47.975 [main] DEBUG jdk.event.security - X509Certificate: Alg:SHA256withRSA, Serial:1, Subject:CN=MySQL_Server_8.0.34_Auto_Generated_CA_Certificate, Issuer:CN=MySQL_Server_8.0.34_Auto_Generated_CA_Certificate, Key type:RSA, Length:2048, Cert Id:1620812319, Valid from:21/9/23, 08:00, Valid until:18/9/33, 08:00
01:21:47.989 [main] DEBUG jdk.event.security -  TLSHandshake: localhost:3306, TLSv1.3, TLS_AES_256_GCM_SHA384, 3403965924
01:25:21.848 [main] INFO  tec.bd.weather.App - Application startup
01:25:22.459 [main] DEBUG jdk.event.security - X509Certificate: Alg:SHA256withRSA, Serial:2, Subject:CN=MySQL_Server_8.0.34_Auto_Generated_Server_Certificate, Issuer:CN=MySQL_Server_8.0.34_Auto_Generated_CA_Certificate, Key type:RSA, Length:2048, Cert Id:3403965924, Valid from:21/9/23, 08:00, Valid until:18/9/33, 08:00
01:25:22.460 [main] DEBUG jdk.event.security - X509Certificate: Alg:SHA256withRSA, Serial:1, Subject:CN=MySQL_Server_8.0.34_Auto_Generated_CA_Certificate, Issuer:CN=MySQL_Server_8.0.34_Auto_Generated_CA_Certificate, Key type:RSA, Length:2048, Cert Id:1620812319, Valid from:21/9/23, 08:00, Valid until:18/9/33, 08:00
01:25:22.473 [main] DEBUG jdk.event.security -  TLSHandshake: localhost:3306, TLSv1.3, TLS_AES_256_GCM_SHA384, 3403965924
16:39:42.172 [main] INFO  tec.bd.weather.App - Application startup
16:39:43.230 [main] DEBUG jdk.event.security - X509Certificate: Alg:SHA256withRSA, Serial:2, Subject:CN=MySQL_Server_8.0.34_Auto_Generated_Server_Certificate, Issuer:CN=MySQL_Server_8.0.34_Auto_Generated_CA_Certificate, Key type:RSA, Length:2048, Cert Id:3403965924, Valid from:21/9/23, 08:00, Valid until:18/9/33, 08:00
16:39:43.232 [main] DEBUG jdk.event.security - X509Certificate: Alg:SHA256withRSA, Serial:1, Subject:CN=MySQL_Server_8.0.34_Auto_Generated_CA_Certificate, Issuer:CN=MySQL_Server_8.0.34_Auto_Generated_CA_Certificate, Key type:RSA, Length:2048, Cert Id:1620812319, Valid from:21/9/23, 08:00, Valid until:18/9/33, 08:00
16:39:43.254 [main] DEBUG jdk.event.security -  TLSHandshake: localhost:3306, TLSv1.3, TLS_AES_256_GCM_SHA384, 3403965924
16:41:20.191 [main] INFO  tec.bd.weather.App - Application startup
16:41:20.786 [main] DEBUG jdk.event.security - X509Certificate: Alg:SHA256withRSA, Serial:2, Subject:CN=MySQL_Server_8.0.34_Auto_Generated_Server_Certificate, Issuer:CN=MySQL_Server_8.0.34_Auto_Generated_CA_Certificate, Key type:RSA, Length:2048, Cert Id:3403965924, Valid from:21/9/23, 08:00, Valid until:18/9/33, 08:00
16:41:20.787 [main] DEBUG jdk.event.security - X509Certificate: Alg:SHA256withRSA, Serial:1, Subject:CN=MySQL_Server_8.0.34_Auto_Generated_CA_Certificate, Issuer:CN=MySQL_Server_8.0.34_Auto_Generated_CA_Certificate, Key type:RSA, Length:2048, Cert Id:1620812319, Valid from:21/9/23, 08:00, Valid until:18/9/33, 08:00
16:41:20.800 [main] DEBUG jdk.event.security -  TLSHandshake: localhost:3306, TLSv1.3, TLS_AES_256_GCM_SHA384, 3403965924
16:42:11.205 [main] INFO  tec.bd.weather.App - Application startup
16:42:57.055 [main] INFO  tec.bd.weather.App - Application startup
16:43:13.968 [main] INFO  tec.bd.weather.App - Application startup
16:43:14.578 [main] DEBUG jdk.event.security - X509Certificate: Alg:SHA256withRSA, Serial:2, Subject:CN=MySQL_Server_8.0.34_Auto_Generated_Server_Certificate, Issuer:CN=MySQL_Server_8.0.34_Auto_Generated_CA_Certificate, Key type:RSA, Length:2048, Cert Id:3403965924, Valid from:21/9/23, 08:00, Valid until:18/9/33, 08:00
16:43:14.579 [main] DEBUG jdk.event.security - X509Certificate: Alg:SHA256withRSA, Serial:1, Subject:CN=MySQL_Server_8.0.34_Auto_Generated_CA_Certificate, Issuer:CN=MySQL_Server_8.0.34_Auto_Generated_CA_Certificate, Key type:RSA, Length:2048, Cert Id:1620812319, Valid from:21/9/23, 08:00, Valid until:18/9/33, 08:00
16:43:14.591 [main] DEBUG jdk.event.security -  TLSHandshake: localhost:3306, TLSv1.3, TLS_AES_256_GCM_SHA384, 3403965924
16:43:14.721 [main] DEBUG jdk.event.security - X509Certificate: Alg:SHA256withRSA, Serial:2, Subject:CN=MySQL_Server_8.0.34_Auto_Generated_Server_Certificate, Issuer:CN=MySQL_Server_8.0.34_Auto_Generated_CA_Certificate, Key type:RSA, Length:2048, Cert Id:3403965924, Valid from:21/9/23, 08:00, Valid until:18/9/33, 08:00
16:43:14.722 [main] DEBUG jdk.event.security - X509Certificate: Alg:SHA256withRSA, Serial:1, Subject:CN=MySQL_Server_8.0.34_Auto_Generated_CA_Certificate, Issuer:CN=MySQL_Server_8.0.34_Auto_Generated_CA_Certificate, Key type:RSA, Length:2048, Cert Id:1620812319, Valid from:21/9/23, 08:00, Valid until:18/9/33, 08:00
16:43:14.727 [main] DEBUG jdk.event.security -  TLSHandshake: localhost:3306, TLSv1.3, TLS_AES_256_GCM_SHA384, 3403965924
17:02:06.745 [main] INFO  tec.bd.weather.App - Application startup
17:02:07.513 [main] DEBUG jdk.event.security - X509Certificate: Alg:SHA256withRSA, Serial:2, Subject:CN=MySQL_Server_8.0.34_Auto_Generated_Server_Certificate, Issuer:CN=MySQL_Server_8.0.34_Auto_Generated_CA_Certificate, Key type:RSA, Length:2048, Cert Id:3403965924, Valid from:21/9/23, 08:00, Valid until:18/9/33, 08:00
17:02:07.514 [main] DEBUG jdk.event.security - X509Certificate: Alg:SHA256withRSA, Serial:1, Subject:CN=MySQL_Server_8.0.34_Auto_Generated_CA_Certificate, Issuer:CN=MySQL_Server_8.0.34_Auto_Generated_CA_Certificate, Key type:RSA, Length:2048, Cert Id:1620812319, Valid from:21/9/23, 08:00, Valid until:18/9/33, 08:00
17:02:07.529 [main] DEBUG jdk.event.security -  TLSHandshake: localhost:3306, TLSv1.3, TLS_AES_256_GCM_SHA384, 3403965924
17:02:23.627 [main] INFO  tec.bd.weather.App - Application startup
17:03:11.892 [main] INFO  tec.bd.weather.App - Application startup
17:03:40.359 [main] INFO  tec.bd.weather.App - Application startup
17:05:19.122 [main] INFO  tec.bd.weather.App - Application startup
17:05:19.751 [main] DEBUG jdk.event.security - X509Certificate: Alg:SHA256withRSA, Serial:2, Subject:CN=MySQL_Server_8.0.34_Auto_Generated_Server_Certificate, Issuer:CN=MySQL_Server_8.0.34_Auto_Generated_CA_Certificate, Key type:RSA, Length:2048, Cert Id:3403965924, Valid from:21/9/23, 08:00, Valid until:18/9/33, 08:00
17:05:19.751 [main] DEBUG jdk.event.security - X509Certificate: Alg:SHA256withRSA, Serial:1, Subject:CN=MySQL_Server_8.0.34_Auto_Generated_CA_Certificate, Issuer:CN=MySQL_Server_8.0.34_Auto_Generated_CA_Certificate, Key type:RSA, Length:2048, Cert Id:1620812319, Valid from:21/9/23, 08:00, Valid until:18/9/33, 08:00
17:05:19.764 [main] DEBUG jdk.event.security -  TLSHandshake: localhost:3306, TLSv1.3, TLS_AES_256_GCM_SHA384, 3403965924
17:06:26.815 [main] INFO  tec.bd.weather.App - Application startup
17:08:33.195 [main] INFO  tec.bd.weather.App - Application startup
17:14:43.938 [main] INFO  tec.bd.weather.App - Application startup
17:14:44.547 [main] DEBUG jdk.event.security - X509Certificate: Alg:SHA256withRSA, Serial:2, Subject:CN=MySQL_Server_8.0.34_Auto_Generated_Server_Certificate, Issuer:CN=MySQL_Server_8.0.34_Auto_Generated_CA_Certificate, Key type:RSA, Length:2048, Cert Id:3403965924, Valid from:21/9/23, 08:00, Valid until:18/9/33, 08:00
17:14:44.548 [main] DEBUG jdk.event.security - X509Certificate: Alg:SHA256withRSA, Serial:1, Subject:CN=MySQL_Server_8.0.34_Auto_Generated_CA_Certificate, Issuer:CN=MySQL_Server_8.0.34_Auto_Generated_CA_Certificate, Key type:RSA, Length:2048, Cert Id:1620812319, Valid from:21/9/23, 08:00, Valid until:18/9/33, 08:00
17:14:44.562 [main] DEBUG jdk.event.security -  TLSHandshake: localhost:3306, TLSv1.3, TLS_AES_256_GCM_SHA384, 3403965924
17:18:29.248 [main] INFO  tec.bd.weather.App - Application startup
17:18:29.847 [main] DEBUG jdk.event.security - X509Certificate: Alg:SHA256withRSA, Serial:2, Subject:CN=MySQL_Server_8.0.34_Auto_Generated_Server_Certificate, Issuer:CN=MySQL_Server_8.0.34_Auto_Generated_CA_Certificate, Key type:RSA, Length:2048, Cert Id:3403965924, Valid from:21/9/23, 08:00, Valid until:18/9/33, 08:00
17:18:29.848 [main] DEBUG jdk.event.security - X509Certificate: Alg:SHA256withRSA, Serial:1, Subject:CN=MySQL_Server_8.0.34_Auto_Generated_CA_Certificate, Issuer:CN=MySQL_Server_8.0.34_Auto_Generated_CA_Certificate, Key type:RSA, Length:2048, Cert Id:1620812319, Valid from:21/9/23, 08:00, Valid until:18/9/33, 08:00
17:18:29.868 [main] DEBUG jdk.event.security -  TLSHandshake: localhost:3306, TLSv1.3, TLS_AES_256_GCM_SHA384, 3403965924
17:19:04.925 [main] INFO  tec.bd.weather.App - Application startup
17:19:05.531 [main] DEBUG jdk.event.security - X509Certificate: Alg:SHA256withRSA, Serial:2, Subject:CN=MySQL_Server_8.0.34_Auto_Generated_Server_Certificate, Issuer:CN=MySQL_Server_8.0.34_Auto_Generated_CA_Certificate, Key type:RSA, Length:2048, Cert Id:3403965924, Valid from:21/9/23, 08:00, Valid until:18/9/33, 08:00
17:19:05.532 [main] DEBUG jdk.event.security - X509Certificate: Alg:SHA256withRSA, Serial:1, Subject:CN=MySQL_Server_8.0.34_Auto_Generated_CA_Certificate, Issuer:CN=MySQL_Server_8.0.34_Auto_Generated_CA_Certificate, Key type:RSA, Length:2048, Cert Id:1620812319, Valid from:21/9/23, 08:00, Valid until:18/9/33, 08:00
17:19:05.544 [main] DEBUG jdk.event.security -  TLSHandshake: localhost:3306, TLSv1.3, TLS_AES_256_GCM_SHA384, 3403965924
17:19:47.272 [main] INFO  tec.bd.weather.App - Application startup
17:20:09.828 [main] INFO  tec.bd.weather.App - Application startup
17:26:11.869 [main] INFO  tec.bd.weather.App - Application startup
17:26:12.475 [main] DEBUG jdk.event.security - X509Certificate: Alg:SHA256withRSA, Serial:2, Subject:CN=MySQL_Server_8.0.34_Auto_Generated_Server_Certificate, Issuer:CN=MySQL_Server_8.0.34_Auto_Generated_CA_Certificate, Key type:RSA, Length:2048, Cert Id:3403965924, Valid from:21/9/23, 08:00, Valid until:18/9/33, 08:00
17:26:12.476 [main] DEBUG jdk.event.security - X509Certificate: Alg:SHA256withRSA, Serial:1, Subject:CN=MySQL_Server_8.0.34_Auto_Generated_CA_Certificate, Issuer:CN=MySQL_Server_8.0.34_Auto_Generated_CA_Certificate, Key type:RSA, Length:2048, Cert Id:1620812319, Valid from:21/9/23, 08:00, Valid until:18/9/33, 08:00
17:26:12.488 [main] DEBUG jdk.event.security -  TLSHandshake: localhost:3306, TLSv1.3, TLS_AES_256_GCM_SHA384, 3403965924
17:28:05.621 [main] INFO  tec.bd.weather.App - Application startup
17:28:06.270 [main] DEBUG jdk.event.security - X509Certificate: Alg:SHA256withRSA, Serial:2, Subject:CN=MySQL_Server_8.0.34_Auto_Generated_Server_Certificate, Issuer:CN=MySQL_Server_8.0.34_Auto_Generated_CA_Certificate, Key type:RSA, Length:2048, Cert Id:3403965924, Valid from:21/9/23, 08:00, Valid until:18/9/33, 08:00
17:28:06.271 [main] DEBUG jdk.event.security - X509Certificate: Alg:SHA256withRSA, Serial:1, Subject:CN=MySQL_Server_8.0.34_Auto_Generated_CA_Certificate, Issuer:CN=MySQL_Server_8.0.34_Auto_Generated_CA_Certificate, Key type:RSA, Length:2048, Cert Id:1620812319, Valid from:21/9/23, 08:00, Valid until:18/9/33, 08:00
17:28:06.283 [main] DEBUG jdk.event.security -  TLSHandshake: localhost:3306, TLSv1.3, TLS_AES_256_GCM_SHA384, 3403965924
17:29:39.121 [main] INFO  tec.bd.weather.App - Application startup
17:29:39.885 [main] DEBUG jdk.event.security - X509Certificate: Alg:SHA256withRSA, Serial:2, Subject:CN=MySQL_Server_8.0.34_Auto_Generated_Server_Certificate, Issuer:CN=MySQL_Server_8.0.34_Auto_Generated_CA_Certificate, Key type:RSA, Length:2048, Cert Id:3403965924, Valid from:21/9/23, 08:00, Valid until:18/9/33, 08:00
17:29:39.886 [main] DEBUG jdk.event.security - X509Certificate: Alg:SHA256withRSA, Serial:1, Subject:CN=MySQL_Server_8.0.34_Auto_Generated_CA_Certificate, Issuer:CN=MySQL_Server_8.0.34_Auto_Generated_CA_Certificate, Key type:RSA, Length:2048, Cert Id:1620812319, Valid from:21/9/23, 08:00, Valid until:18/9/33, 08:00
17:29:39.899 [main] DEBUG jdk.event.security -  TLSHandshake: localhost:3306, TLSv1.3, TLS_AES_256_GCM_SHA384, 3403965924
17:36:12.118 [main] INFO  tec.bd.weather.App - Application startup
17:36:12.785 [main] DEBUG jdk.event.security - X509Certificate: Alg:SHA256withRSA, Serial:2, Subject:CN=MySQL_Server_8.0.34_Auto_Generated_Server_Certificate, Issuer:CN=MySQL_Server_8.0.34_Auto_Generated_CA_Certificate, Key type:RSA, Length:2048, Cert Id:3403965924, Valid from:21/9/23, 08:00, Valid until:18/9/33, 08:00
17:36:12.786 [main] DEBUG jdk.event.security - X509Certificate: Alg:SHA256withRSA, Serial:1, Subject:CN=MySQL_Server_8.0.34_Auto_Generated_CA_Certificate, Issuer:CN=MySQL_Server_8.0.34_Auto_Generated_CA_Certificate, Key type:RSA, Length:2048, Cert Id:1620812319, Valid from:21/9/23, 08:00, Valid until:18/9/33, 08:00
17:36:12.798 [main] DEBUG jdk.event.security -  TLSHandshake: localhost:3306, TLSv1.3, TLS_AES_256_GCM_SHA384, 3403965924
17:37:19.571 [main] INFO  tec.bd.weather.App - Application startup
17:37:20.202 [main] DEBUG jdk.event.security - X509Certificate: Alg:SHA256withRSA, Serial:2, Subject:CN=MySQL_Server_8.0.34_Auto_Generated_Server_Certificate, Issuer:CN=MySQL_Server_8.0.34_Auto_Generated_CA_Certificate, Key type:RSA, Length:2048, Cert Id:3403965924, Valid from:21/9/23, 08:00, Valid until:18/9/33, 08:00
17:37:20.203 [main] DEBUG jdk.event.security - X509Certificate: Alg:SHA256withRSA, Serial:1, Subject:CN=MySQL_Server_8.0.34_Auto_Generated_CA_Certificate, Issuer:CN=MySQL_Server_8.0.34_Auto_Generated_CA_Certificate, Key type:RSA, Length:2048, Cert Id:1620812319, Valid from:21/9/23, 08:00, Valid until:18/9/33, 08:00
17:37:20.219 [main] DEBUG jdk.event.security -  TLSHandshake: localhost:3306, TLSv1.3, TLS_AES_256_GCM_SHA384, 3403965924
17:37:44.951 [main] INFO  tec.bd.weather.App - Application startup
17:37:45.612 [main] DEBUG jdk.event.security - X509Certificate: Alg:SHA256withRSA, Serial:2, Subject:CN=MySQL_Server_8.0.34_Auto_Generated_Server_Certificate, Issuer:CN=MySQL_Server_8.0.34_Auto_Generated_CA_Certificate, Key type:RSA, Length:2048, Cert Id:3403965924, Valid from:21/9/23, 08:00, Valid until:18/9/33, 08:00
17:37:45.613 [main] DEBUG jdk.event.security - X509Certificate: Alg:SHA256withRSA, Serial:1, Subject:CN=MySQL_Server_8.0.34_Auto_Generated_CA_Certificate, Issuer:CN=MySQL_Server_8.0.34_Auto_Generated_CA_Certificate, Key type:RSA, Length:2048, Cert Id:1620812319, Valid from:21/9/23, 08:00, Valid until:18/9/33, 08:00
17:37:45.628 [main] DEBUG jdk.event.security -  TLSHandshake: localhost:3306, TLSv1.3, TLS_AES_256_GCM_SHA384, 3403965924
17:50:22.687 [main] INFO  tec.bd.weather.App - Application startup
17:50:23.315 [main] DEBUG jdk.event.security - X509Certificate: Alg:SHA256withRSA, Serial:2, Subject:CN=MySQL_Server_8.0.34_Auto_Generated_Server_Certificate, Issuer:CN=MySQL_Server_8.0.34_Auto_Generated_CA_Certificate, Key type:RSA, Length:2048, Cert Id:3403965924, Valid from:21/9/23, 08:00, Valid until:18/9/33, 08:00
17:50:23.316 [main] DEBUG jdk.event.security - X509Certificate: Alg:SHA256withRSA, Serial:1, Subject:CN=MySQL_Server_8.0.34_Auto_Generated_CA_Certificate, Issuer:CN=MySQL_Server_8.0.34_Auto_Generated_CA_Certificate, Key type:RSA, Length:2048, Cert Id:1620812319, Valid from:21/9/23, 08:00, Valid until:18/9/33, 08:00
17:50:23.328 [main] DEBUG jdk.event.security -  TLSHandshake: localhost:3306, TLSv1.3, TLS_AES_256_GCM_SHA384, 3403965924
17:51:10.830 [main] INFO  tec.bd.weather.App - Application startup
17:51:11.448 [main] DEBUG jdk.event.security - X509Certificate: Alg:SHA256withRSA, Serial:2, Subject:CN=MySQL_Server_8.0.34_Auto_Generated_Server_Certificate, Issuer:CN=MySQL_Server_8.0.34_Auto_Generated_CA_Certificate, Key type:RSA, Length:2048, Cert Id:3403965924, Valid from:21/9/23, 08:00, Valid until:18/9/33, 08:00
17:51:11.449 [main] DEBUG jdk.event.security - X509Certificate: Alg:SHA256withRSA, Serial:1, Subject:CN=MySQL_Server_8.0.34_Auto_Generated_CA_Certificate, Issuer:CN=MySQL_Server_8.0.34_Auto_Generated_CA_Certificate, Key type:RSA, Length:2048, Cert Id:1620812319, Valid from:21/9/23, 08:00, Valid until:18/9/33, 08:00
17:51:11.466 [main] DEBUG jdk.event.security -  TLSHandshake: localhost:3306, TLSv1.3, TLS_AES_256_GCM_SHA384, 3403965924
18:49:27.020 [main] INFO  tec.bd.weather.App - Application startup
18:49:27.823 [main] DEBUG jdk.event.security - X509Certificate: Alg:SHA256withRSA, Serial:2, Subject:CN=MySQL_Server_8.0.34_Auto_Generated_Server_Certificate, Issuer:CN=MySQL_Server_8.0.34_Auto_Generated_CA_Certificate, Key type:RSA, Length:2048, Cert Id:3403965924, Valid from:21/9/23, 08:00, Valid until:18/9/33, 08:00
18:49:27.824 [main] DEBUG jdk.event.security - X509Certificate: Alg:SHA256withRSA, Serial:1, Subject:CN=MySQL_Server_8.0.34_Auto_Generated_CA_Certificate, Issuer:CN=MySQL_Server_8.0.34_Auto_Generated_CA_Certificate, Key type:RSA, Length:2048, Cert Id:1620812319, Valid from:21/9/23, 08:00, Valid until:18/9/33, 08:00
18:49:27.841 [main] DEBUG jdk.event.security -  TLSHandshake: localhost:3306, TLSv1.3, TLS_AES_256_GCM_SHA384, 3403965924
18:49:51.476 [main] INFO  tec.bd.weather.App - Application startup
18:49:52.122 [main] DEBUG jdk.event.security - X509Certificate: Alg:SHA256withRSA, Serial:2, Subject:CN=MySQL_Server_8.0.34_Auto_Generated_Server_Certificate, Issuer:CN=MySQL_Server_8.0.34_Auto_Generated_CA_Certificate, Key type:RSA, Length:2048, Cert Id:3403965924, Valid from:21/9/23, 08:00, Valid until:18/9/33, 08:00
18:49:52.123 [main] DEBUG jdk.event.security - X509Certificate: Alg:SHA256withRSA, Serial:1, Subject:CN=MySQL_Server_8.0.34_Auto_Generated_CA_Certificate, Issuer:CN=MySQL_Server_8.0.34_Auto_Generated_CA_Certificate, Key type:RSA, Length:2048, Cert Id:1620812319, Valid from:21/9/23, 08:00, Valid until:18/9/33, 08:00
18:49:52.136 [main] DEBUG jdk.event.security -  TLSHandshake: localhost:3306, TLSv1.3, TLS_AES_256_GCM_SHA384, 3403965924
19:18:14.159 [main] INFO  tec.bd.weather.App - Application startup
19:18:14.790 [main] DEBUG jdk.event.security - X509Certificate: Alg:SHA256withRSA, Serial:2, Subject:CN=MySQL_Server_8.0.34_Auto_Generated_Server_Certificate, Issuer:CN=MySQL_Server_8.0.34_Auto_Generated_CA_Certificate, Key type:RSA, Length:2048, Cert Id:3403965924, Valid from:21/9/23, 08:00, Valid until:18/9/33, 08:00
19:18:14.791 [main] DEBUG jdk.event.security - X509Certificate: Alg:SHA256withRSA, Serial:1, Subject:CN=MySQL_Server_8.0.34_Auto_Generated_CA_Certificate, Issuer:CN=MySQL_Server_8.0.34_Auto_Generated_CA_Certificate, Key type:RSA, Length:2048, Cert Id:1620812319, Valid from:21/9/23, 08:00, Valid until:18/9/33, 08:00
19:18:14.805 [main] DEBUG jdk.event.security -  TLSHandshake: localhost:3306, TLSv1.3, TLS_AES_256_GCM_SHA384, 3403965924
19:18:56.554 [main] INFO  tec.bd.weather.App - Application startup
19:18:57.202 [main] DEBUG jdk.event.security - X509Certificate: Alg:SHA256withRSA, Serial:2, Subject:CN=MySQL_Server_8.0.34_Auto_Generated_Server_Certificate, Issuer:CN=MySQL_Server_8.0.34_Auto_Generated_CA_Certificate, Key type:RSA, Length:2048, Cert Id:3403965924, Valid from:21/9/23, 08:00, Valid until:18/9/33, 08:00
19:18:57.203 [main] DEBUG jdk.event.security - X509Certificate: Alg:SHA256withRSA, Serial:1, Subject:CN=MySQL_Server_8.0.34_Auto_Generated_CA_Certificate, Issuer:CN=MySQL_Server_8.0.34_Auto_Generated_CA_Certificate, Key type:RSA, Length:2048, Cert Id:1620812319, Valid from:21/9/23, 08:00, Valid until:18/9/33, 08:00
19:18:57.223 [main] DEBUG jdk.event.security -  TLSHandshake: localhost:3306, TLSv1.3, TLS_AES_256_GCM_SHA384, 3403965924
19:19:16.738 [main] INFO  tec.bd.weather.App - Application startup
19:19:17.373 [main] DEBUG jdk.event.security - X509Certificate: Alg:SHA256withRSA, Serial:2, Subject:CN=MySQL_Server_8.0.34_Auto_Generated_Server_Certificate, Issuer:CN=MySQL_Server_8.0.34_Auto_Generated_CA_Certificate, Key type:RSA, Length:2048, Cert Id:3403965924, Valid from:21/9/23, 08:00, Valid until:18/9/33, 08:00
19:19:17.375 [main] DEBUG jdk.event.security - X509Certificate: Alg:SHA256withRSA, Serial:1, Subject:CN=MySQL_Server_8.0.34_Auto_Generated_CA_Certificate, Issuer:CN=MySQL_Server_8.0.34_Auto_Generated_CA_Certificate, Key type:RSA, Length:2048, Cert Id:1620812319, Valid from:21/9/23, 08:00, Valid until:18/9/33, 08:00
19:19:17.391 [main] DEBUG jdk.event.security -  TLSHandshake: localhost:3306, TLSv1.3, TLS_AES_256_GCM_SHA384, 3403965924
19:25:05.307 [main] INFO  tec.bd.weather.App - Application startup
19:25:05.933 [main] DEBUG jdk.event.security - X509Certificate: Alg:SHA256withRSA, Serial:2, Subject:CN=MySQL_Server_8.0.34_Auto_Generated_Server_Certificate, Issuer:CN=MySQL_Server_8.0.34_Auto_Generated_CA_Certificate, Key type:RSA, Length:2048, Cert Id:3403965924, Valid from:21/9/23, 08:00, Valid until:18/9/33, 08:00
19:25:05.935 [main] DEBUG jdk.event.security - X509Certificate: Alg:SHA256withRSA, Serial:1, Subject:CN=MySQL_Server_8.0.34_Auto_Generated_CA_Certificate, Issuer:CN=MySQL_Server_8.0.34_Auto_Generated_CA_Certificate, Key type:RSA, Length:2048, Cert Id:1620812319, Valid from:21/9/23, 08:00, Valid until:18/9/33, 08:00
19:25:05.952 [main] DEBUG jdk.event.security -  TLSHandshake: localhost:3306, TLSv1.3, TLS_AES_256_GCM_SHA384, 3403965924
19:29:03.643 [main] INFO  tec.bd.weather.App - Application startup
19:29:04.273 [main] DEBUG jdk.event.security - X509Certificate: Alg:SHA256withRSA, Serial:2, Subject:CN=MySQL_Server_8.0.34_Auto_Generated_Server_Certificate, Issuer:CN=MySQL_Server_8.0.34_Auto_Generated_CA_Certificate, Key type:RSA, Length:2048, Cert Id:3403965924, Valid from:21/9/23, 08:00, Valid until:18/9/33, 08:00
19:29:04.274 [main] DEBUG jdk.event.security - X509Certificate: Alg:SHA256withRSA, Serial:1, Subject:CN=MySQL_Server_8.0.34_Auto_Generated_CA_Certificate, Issuer:CN=MySQL_Server_8.0.34_Auto_Generated_CA_Certificate, Key type:RSA, Length:2048, Cert Id:1620812319, Valid from:21/9/23, 08:00, Valid until:18/9/33, 08:00
19:29:04.287 [main] DEBUG jdk.event.security -  TLSHandshake: localhost:3306, TLSv1.3, TLS_AES_256_GCM_SHA384, 3403965924
19:29:14.562 [main] INFO  tec.bd.weather.App - Application startup
19:29:15.183 [main] DEBUG jdk.event.security - X509Certificate: Alg:SHA256withRSA, Serial:2, Subject:CN=MySQL_Server_8.0.34_Auto_Generated_Server_Certificate, Issuer:CN=MySQL_Server_8.0.34_Auto_Generated_CA_Certificate, Key type:RSA, Length:2048, Cert Id:3403965924, Valid from:21/9/23, 08:00, Valid until:18/9/33, 08:00
19:29:15.184 [main] DEBUG jdk.event.security - X509Certificate: Alg:SHA256withRSA, Serial:1, Subject:CN=MySQL_Server_8.0.34_Auto_Generated_CA_Certificate, Issuer:CN=MySQL_Server_8.0.34_Auto_Generated_CA_Certificate, Key type:RSA, Length:2048, Cert Id:1620812319, Valid from:21/9/23, 08:00, Valid until:18/9/33, 08:00
19:29:15.196 [main] DEBUG jdk.event.security -  TLSHandshake: localhost:3306, TLSv1.3, TLS_AES_256_GCM_SHA384, 3403965924
19:29:15.299 [main] DEBUG jdk.event.security - X509Certificate: Alg:SHA256withRSA, Serial:2, Subject:CN=MySQL_Server_8.0.34_Auto_Generated_Server_Certificate, Issuer:CN=MySQL_Server_8.0.34_Auto_Generated_CA_Certificate, Key type:RSA, Length:2048, Cert Id:3403965924, Valid from:21/9/23, 08:00, Valid until:18/9/33, 08:00
19:29:15.300 [main] DEBUG jdk.event.security - X509Certificate: Alg:SHA256withRSA, Serial:1, Subject:CN=MySQL_Server_8.0.34_Auto_Generated_CA_Certificate, Issuer:CN=MySQL_Server_8.0.34_Auto_Generated_CA_Certificate, Key type:RSA, Length:2048, Cert Id:1620812319, Valid from:21/9/23, 08:00, Valid until:18/9/33, 08:00
19:29:15.303 [main] DEBUG jdk.event.security -  TLSHandshake: localhost:3306, TLSv1.3, TLS_AES_256_GCM_SHA384, 3403965924
19:30:14.970 [main] INFO  tec.bd.weather.App - Application startup
19:30:15.654 [main] DEBUG jdk.event.security - X509Certificate: Alg:SHA256withRSA, Serial:2, Subject:CN=MySQL_Server_8.0.34_Auto_Generated_Server_Certificate, Issuer:CN=MySQL_Server_8.0.34_Auto_Generated_CA_Certificate, Key type:RSA, Length:2048, Cert Id:3403965924, Valid from:21/9/23, 08:00, Valid until:18/9/33, 08:00
19:30:15.655 [main] DEBUG jdk.event.security - X509Certificate: Alg:SHA256withRSA, Serial:1, Subject:CN=MySQL_Server_8.0.34_Auto_Generated_CA_Certificate, Issuer:CN=MySQL_Server_8.0.34_Auto_Generated_CA_Certificate, Key type:RSA, Length:2048, Cert Id:1620812319, Valid from:21/9/23, 08:00, Valid until:18/9/33, 08:00
19:30:15.667 [main] DEBUG jdk.event.security -  TLSHandshake: localhost:3306, TLSv1.3, TLS_AES_256_GCM_SHA384, 3403965924
19:30:42.657 [main] INFO  tec.bd.weather.App - Application startup
19:30:43.346 [main] DEBUG jdk.event.security - X509Certificate: Alg:SHA256withRSA, Serial:2, Subject:CN=MySQL_Server_8.0.34_Auto_Generated_Server_Certificate, Issuer:CN=MySQL_Server_8.0.34_Auto_Generated_CA_Certificate, Key type:RSA, Length:2048, Cert Id:3403965924, Valid from:21/9/23, 08:00, Valid until:18/9/33, 08:00
19:30:43.347 [main] DEBUG jdk.event.security - X509Certificate: Alg:SHA256withRSA, Serial:1, Subject:CN=MySQL_Server_8.0.34_Auto_Generated_CA_Certificate, Issuer:CN=MySQL_Server_8.0.34_Auto_Generated_CA_Certificate, Key type:RSA, Length:2048, Cert Id:1620812319, Valid from:21/9/23, 08:00, Valid until:18/9/33, 08:00
19:30:43.360 [main] DEBUG jdk.event.security -  TLSHandshake: localhost:3306, TLSv1.3, TLS_AES_256_GCM_SHA384, 3403965924
19:30:43.450 [main] DEBUG jdk.event.security - X509Certificate: Alg:SHA256withRSA, Serial:2, Subject:CN=MySQL_Server_8.0.34_Auto_Generated_Server_Certificate, Issuer:CN=MySQL_Server_8.0.34_Auto_Generated_CA_Certificate, Key type:RSA, Length:2048, Cert Id:3403965924, Valid from:21/9/23, 08:00, Valid until:18/9/33, 08:00
19:30:43.451 [main] DEBUG jdk.event.security - X509Certificate: Alg:SHA256withRSA, Serial:1, Subject:CN=MySQL_Server_8.0.34_Auto_Generated_CA_Certificate, Issuer:CN=MySQL_Server_8.0.34_Auto_Generated_CA_Certificate, Key type:RSA, Length:2048, Cert Id:1620812319, Valid from:21/9/23, 08:00, Valid until:18/9/33, 08:00
19:30:43.454 [main] DEBUG jdk.event.security -  TLSHandshake: localhost:3306, TLSv1.3, TLS_AES_256_GCM_SHA384, 3403965924
20:06:52.264 [main] INFO  tec.bd.weather.App - Application startup
20:07:19.054 [main] INFO  tec.bd.weather.App - Application startup
20:10:56.674 [main] INFO  tec.bd.weather.App - Application startup
20:11:19.432 [main] INFO  tec.bd.weather.App - Application startup
20:11:20.390 [main] DEBUG jdk.event.security - X509Certificate: Alg:SHA256withRSA, Serial:2, Subject:CN=MySQL_Server_8.0.34_Auto_Generated_Server_Certificate, Issuer:CN=MySQL_Server_8.0.34_Auto_Generated_CA_Certificate, Key type:RSA, Length:2048, Cert Id:3403965924, Valid from:21/9/23, 08:00, Valid until:18/9/33, 08:00
20:11:20.391 [main] DEBUG jdk.event.security - X509Certificate: Alg:SHA256withRSA, Serial:1, Subject:CN=MySQL_Server_8.0.34_Auto_Generated_CA_Certificate, Issuer:CN=MySQL_Server_8.0.34_Auto_Generated_CA_Certificate, Key type:RSA, Length:2048, Cert Id:1620812319, Valid from:21/9/23, 08:00, Valid until:18/9/33, 08:00
20:11:20.408 [main] DEBUG jdk.event.security -  TLSHandshake: localhost:3306, TLSv1.3, TLS_AES_256_GCM_SHA384, 3403965924
20:12:26.989 [main] INFO  tec.bd.weather.App - Application startup
20:12:27.605 [main] DEBUG jdk.event.security - X509Certificate: Alg:SHA256withRSA, Serial:2, Subject:CN=MySQL_Server_8.0.34_Auto_Generated_Server_Certificate, Issuer:CN=MySQL_Server_8.0.34_Auto_Generated_CA_Certificate, Key type:RSA, Length:2048, Cert Id:3403965924, Valid from:21/9/23, 08:00, Valid until:18/9/33, 08:00
20:12:27.606 [main] DEBUG jdk.event.security - X509Certificate: Alg:SHA256withRSA, Serial:1, Subject:CN=MySQL_Server_8.0.34_Auto_Generated_CA_Certificate, Issuer:CN=MySQL_Server_8.0.34_Auto_Generated_CA_Certificate, Key type:RSA, Length:2048, Cert Id:1620812319, Valid from:21/9/23, 08:00, Valid until:18/9/33, 08:00
20:12:27.618 [main] DEBUG jdk.event.security -  TLSHandshake: localhost:3306, TLSv1.3, TLS_AES_256_GCM_SHA384, 3403965924
20:12:50.557 [main] INFO  tec.bd.weather.App - Application startup
20:12:51.401 [main] DEBUG jdk.event.security - X509Certificate: Alg:SHA256withRSA, Serial:2, Subject:CN=MySQL_Server_8.0.34_Auto_Generated_Server_Certificate, Issuer:CN=MySQL_Server_8.0.34_Auto_Generated_CA_Certificate, Key type:RSA, Length:2048, Cert Id:3403965924, Valid from:21/9/23, 08:00, Valid until:18/9/33, 08:00
20:12:51.402 [main] DEBUG jdk.event.security - X509Certificate: Alg:SHA256withRSA, Serial:1, Subject:CN=MySQL_Server_8.0.34_Auto_Generated_CA_Certificate, Issuer:CN=MySQL_Server_8.0.34_Auto_Generated_CA_Certificate, Key type:RSA, Length:2048, Cert Id:1620812319, Valid from:21/9/23, 08:00, Valid until:18/9/33, 08:00
20:12:51.413 [main] DEBUG jdk.event.security -  TLSHandshake: localhost:3306, TLSv1.3, TLS_AES_256_GCM_SHA384, 3403965924
20:21:03.673 [main] INFO  tec.bd.weather.App - Application startup
20:21:04.288 [main] DEBUG jdk.event.security - X509Certificate: Alg:SHA256withRSA, Serial:2, Subject:CN=MySQL_Server_8.0.34_Auto_Generated_Server_Certificate, Issuer:CN=MySQL_Server_8.0.34_Auto_Generated_CA_Certificate, Key type:RSA, Length:2048, Cert Id:3403965924, Valid from:21/9/23, 08:00, Valid until:18/9/33, 08:00
20:21:04.289 [main] DEBUG jdk.event.security - X509Certificate: Alg:SHA256withRSA, Serial:1, Subject:CN=MySQL_Server_8.0.34_Auto_Generated_CA_Certificate, Issuer:CN=MySQL_Server_8.0.34_Auto_Generated_CA_Certificate, Key type:RSA, Length:2048, Cert Id:1620812319, Valid from:21/9/23, 08:00, Valid until:18/9/33, 08:00
20:21:04.300 [main] DEBUG jdk.event.security -  TLSHandshake: localhost:3306, TLSv1.3, TLS_AES_256_GCM_SHA384, 3403965924
20:53:35.290 [main] INFO  tec.bd.weather.App - Application startup
20:53:35.922 [main] DEBUG jdk.event.security - X509Certificate: Alg:SHA256withRSA, Serial:2, Subject:CN=MySQL_Server_8.0.34_Auto_Generated_Server_Certificate, Issuer:CN=MySQL_Server_8.0.34_Auto_Generated_CA_Certificate, Key type:RSA, Length:2048, Cert Id:3403965924, Valid from:21/9/23, 08:00, Valid until:18/9/33, 08:00
20:53:35.923 [main] DEBUG jdk.event.security - X509Certificate: Alg:SHA256withRSA, Serial:1, Subject:CN=MySQL_Server_8.0.34_Auto_Generated_CA_Certificate, Issuer:CN=MySQL_Server_8.0.34_Auto_Generated_CA_Certificate, Key type:RSA, Length:2048, Cert Id:1620812319, Valid from:21/9/23, 08:00, Valid until:18/9/33, 08:00
20:53:35.936 [main] DEBUG jdk.event.security -  TLSHandshake: localhost:3306, TLSv1.3, TLS_AES_256_GCM_SHA384, 3403965924
20:56:18.706 [main] INFO  tec.bd.weather.App - Application startup
20:56:19.724 [main] DEBUG jdk.event.security - X509Certificate: Alg:SHA256withRSA, Serial:2, Subject:CN=MySQL_Server_8.0.34_Auto_Generated_Server_Certificate, Issuer:CN=MySQL_Server_8.0.34_Auto_Generated_CA_Certificate, Key type:RSA, Length:2048, Cert Id:3403965924, Valid from:21/9/23, 08:00, Valid until:18/9/33, 08:00
20:56:19.725 [main] DEBUG jdk.event.security - X509Certificate: Alg:SHA256withRSA, Serial:1, Subject:CN=MySQL_Server_8.0.34_Auto_Generated_CA_Certificate, Issuer:CN=MySQL_Server_8.0.34_Auto_Generated_CA_Certificate, Key type:RSA, Length:2048, Cert Id:1620812319, Valid from:21/9/23, 08:00, Valid until:18/9/33, 08:00
20:56:19.743 [main] DEBUG jdk.event.security -  TLSHandshake: localhost:3306, TLSv1.3, TLS_AES_256_GCM_SHA384, 3403965924
20:56:35.210 [main] INFO  tec.bd.weather.App - Application startup
20:56:35.966 [main] DEBUG jdk.event.security - X509Certificate: Alg:SHA256withRSA, Serial:2, Subject:CN=MySQL_Server_8.0.34_Auto_Generated_Server_Certificate, Issuer:CN=MySQL_Server_8.0.34_Auto_Generated_CA_Certificate, Key type:RSA, Length:2048, Cert Id:3403965924, Valid from:21/9/23, 08:00, Valid until:18/9/33, 08:00
20:56:35.967 [main] DEBUG jdk.event.security - X509Certificate: Alg:SHA256withRSA, Serial:1, Subject:CN=MySQL_Server_8.0.34_Auto_Generated_CA_Certificate, Issuer:CN=MySQL_Server_8.0.34_Auto_Generated_CA_Certificate, Key type:RSA, Length:2048, Cert Id:1620812319, Valid from:21/9/23, 08:00, Valid until:18/9/33, 08:00
20:56:35.979 [main] DEBUG jdk.event.security -  TLSHandshake: localhost:3306, TLSv1.3, TLS_AES_256_GCM_SHA384, 3403965924
20:56:43.823 [main] INFO  tec.bd.weather.App - Application startup
20:57:42.343 [main] INFO  tec.bd.weather.App - Application startup
20:57:43.086 [main] DEBUG jdk.event.security - X509Certificate: Alg:SHA256withRSA, Serial:2, Subject:CN=MySQL_Server_8.0.34_Auto_Generated_Server_Certificate, Issuer:CN=MySQL_Server_8.0.34_Auto_Generated_CA_Certificate, Key type:RSA, Length:2048, Cert Id:3403965924, Valid from:21/9/23, 08:00, Valid until:18/9/33, 08:00
20:57:43.087 [main] DEBUG jdk.event.security - X509Certificate: Alg:SHA256withRSA, Serial:1, Subject:CN=MySQL_Server_8.0.34_Auto_Generated_CA_Certificate, Issuer:CN=MySQL_Server_8.0.34_Auto_Generated_CA_Certificate, Key type:RSA, Length:2048, Cert Id:1620812319, Valid from:21/9/23, 08:00, Valid until:18/9/33, 08:00
20:57:43.100 [main] DEBUG jdk.event.security -  TLSHandshake: localhost:3306, TLSv1.3, TLS_AES_256_GCM_SHA384, 3403965924
20:58:23.438 [main] INFO  tec.bd.weather.App - Application startup
20:58:24.077 [main] DEBUG jdk.event.security - X509Certificate: Alg:SHA256withRSA, Serial:2, Subject:CN=MySQL_Server_8.0.34_Auto_Generated_Server_Certificate, Issuer:CN=MySQL_Server_8.0.34_Auto_Generated_CA_Certificate, Key type:RSA, Length:2048, Cert Id:3403965924, Valid from:21/9/23, 08:00, Valid until:18/9/33, 08:00
20:58:24.079 [main] DEBUG jdk.event.security - X509Certificate: Alg:SHA256withRSA, Serial:1, Subject:CN=MySQL_Server_8.0.34_Auto_Generated_CA_Certificate, Issuer:CN=MySQL_Server_8.0.34_Auto_Generated_CA_Certificate, Key type:RSA, Length:2048, Cert Id:1620812319, Valid from:21/9/23, 08:00, Valid until:18/9/33, 08:00
20:58:24.092 [main] DEBUG jdk.event.security -  TLSHandshake: localhost:3306, TLSv1.3, TLS_AES_256_GCM_SHA384, 3403965924
21:41:47.217 [main] INFO  tec.bd.weather.App - Application startup
21:41:47.944 [main] DEBUG jdk.event.security - X509Certificate: Alg:SHA256withRSA, Serial:2, Subject:CN=MySQL_Server_8.0.34_Auto_Generated_Server_Certificate, Issuer:CN=MySQL_Server_8.0.34_Auto_Generated_CA_Certificate, Key type:RSA, Length:2048, Cert Id:3403965924, Valid from:21/9/23, 08:00, Valid until:18/9/33, 08:00
21:41:47.945 [main] DEBUG jdk.event.security - X509Certificate: Alg:SHA256withRSA, Serial:1, Subject:CN=MySQL_Server_8.0.34_Auto_Generated_CA_Certificate, Issuer:CN=MySQL_Server_8.0.34_Auto_Generated_CA_Certificate, Key type:RSA, Length:2048, Cert Id:1620812319, Valid from:21/9/23, 08:00, Valid until:18/9/33, 08:00
21:41:47.957 [main] DEBUG jdk.event.security -  TLSHandshake: localhost:3306, TLSv1.3, TLS_AES_256_GCM_SHA384, 3403965924
21:41:55.605 [main] INFO  tec.bd.weather.App - Application startup
21:41:56.220 [main] DEBUG jdk.event.security - X509Certificate: Alg:SHA256withRSA, Serial:2, Subject:CN=MySQL_Server_8.0.34_Auto_Generated_Server_Certificate, Issuer:CN=MySQL_Server_8.0.34_Auto_Generated_CA_Certificate, Key type:RSA, Length:2048, Cert Id:3403965924, Valid from:21/9/23, 08:00, Valid until:18/9/33, 08:00
21:41:56.221 [main] DEBUG jdk.event.security - X509Certificate: Alg:SHA256withRSA, Serial:1, Subject:CN=MySQL_Server_8.0.34_Auto_Generated_CA_Certificate, Issuer:CN=MySQL_Server_8.0.34_Auto_Generated_CA_Certificate, Key type:RSA, Length:2048, Cert Id:1620812319, Valid from:21/9/23, 08:00, Valid until:18/9/33, 08:00
21:41:56.234 [main] DEBUG jdk.event.security -  TLSHandshake: localhost:3306, TLSv1.3, TLS_AES_256_GCM_SHA384, 3403965924
21:44:42.466 [main] INFO  tec.bd.weather.App - Application startup
21:44:43.199 [main] DEBUG jdk.event.security - X509Certificate: Alg:SHA256withRSA, Serial:2, Subject:CN=MySQL_Server_8.0.34_Auto_Generated_Server_Certificate, Issuer:CN=MySQL_Server_8.0.34_Auto_Generated_CA_Certificate, Key type:RSA, Length:2048, Cert Id:3403965924, Valid from:21/9/23, 08:00, Valid until:18/9/33, 08:00
21:44:43.200 [main] DEBUG jdk.event.security - X509Certificate: Alg:SHA256withRSA, Serial:1, Subject:CN=MySQL_Server_8.0.34_Auto_Generated_CA_Certificate, Issuer:CN=MySQL_Server_8.0.34_Auto_Generated_CA_Certificate, Key type:RSA, Length:2048, Cert Id:1620812319, Valid from:21/9/23, 08:00, Valid until:18/9/33, 08:00
21:44:43.211 [main] DEBUG jdk.event.security -  TLSHandshake: localhost:3306, TLSv1.3, TLS_AES_256_GCM_SHA384, 3403965924
21:48:35.441 [main] INFO  tec.bd.weather.App - Application startup
21:48:36.049 [main] DEBUG jdk.event.security - X509Certificate: Alg:SHA256withRSA, Serial:2, Subject:CN=MySQL_Server_8.0.34_Auto_Generated_Server_Certificate, Issuer:CN=MySQL_Server_8.0.34_Auto_Generated_CA_Certificate, Key type:RSA, Length:2048, Cert Id:3403965924, Valid from:21/9/23, 08:00, Valid until:18/9/33, 08:00
21:48:36.050 [main] DEBUG jdk.event.security - X509Certificate: Alg:SHA256withRSA, Serial:1, Subject:CN=MySQL_Server_8.0.34_Auto_Generated_CA_Certificate, Issuer:CN=MySQL_Server_8.0.34_Auto_Generated_CA_Certificate, Key type:RSA, Length:2048, Cert Id:1620812319, Valid from:21/9/23, 08:00, Valid until:18/9/33, 08:00
21:48:36.062 [main] DEBUG jdk.event.security -  TLSHandshake: localhost:3306, TLSv1.3, TLS_AES_256_GCM_SHA384, 3403965924
21:49:00.051 [main] INFO  tec.bd.weather.App - Application startup
21:49:00.724 [main] DEBUG jdk.event.security - X509Certificate: Alg:SHA256withRSA, Serial:2, Subject:CN=MySQL_Server_8.0.34_Auto_Generated_Server_Certificate, Issuer:CN=MySQL_Server_8.0.34_Auto_Generated_CA_Certificate, Key type:RSA, Length:2048, Cert Id:3403965924, Valid from:21/9/23, 08:00, Valid until:18/9/33, 08:00
21:49:00.725 [main] DEBUG jdk.event.security - X509Certificate: Alg:SHA256withRSA, Serial:1, Subject:CN=MySQL_Server_8.0.34_Auto_Generated_CA_Certificate, Issuer:CN=MySQL_Server_8.0.34_Auto_Generated_CA_Certificate, Key type:RSA, Length:2048, Cert Id:1620812319, Valid from:21/9/23, 08:00, Valid until:18/9/33, 08:00
21:49:00.737 [main] DEBUG jdk.event.security -  TLSHandshake: localhost:3306, TLSv1.3, TLS_AES_256_GCM_SHA384, 3403965924
21:49:25.974 [main] INFO  tec.bd.weather.App - Application startup
21:49:26.921 [main] DEBUG jdk.event.security - X509Certificate: Alg:SHA256withRSA, Serial:2, Subject:CN=MySQL_Server_8.0.34_Auto_Generated_Server_Certificate, Issuer:CN=MySQL_Server_8.0.34_Auto_Generated_CA_Certificate, Key type:RSA, Length:2048, Cert Id:3403965924, Valid from:21/9/23, 08:00, Valid until:18/9/33, 08:00
21:49:26.927 [main] DEBUG jdk.event.security - X509Certificate: Alg:SHA256withRSA, Serial:1, Subject:CN=MySQL_Server_8.0.34_Auto_Generated_CA_Certificate, Issuer:CN=MySQL_Server_8.0.34_Auto_Generated_CA_Certificate, Key type:RSA, Length:2048, Cert Id:1620812319, Valid from:21/9/23, 08:00, Valid until:18/9/33, 08:00
21:49:26.957 [main] DEBUG jdk.event.security -  TLSHandshake: localhost:3306, TLSv1.3, TLS_AES_256_GCM_SHA384, 3403965924
21:50:49.142 [main] INFO  tec.bd.weather.App - Application startup
21:50:49.787 [main] DEBUG jdk.event.security - X509Certificate: Alg:SHA256withRSA, Serial:2, Subject:CN=MySQL_Server_8.0.34_Auto_Generated_Server_Certificate, Issuer:CN=MySQL_Server_8.0.34_Auto_Generated_CA_Certificate, Key type:RSA, Length:2048, Cert Id:3403965924, Valid from:21/9/23, 08:00, Valid until:18/9/33, 08:00
21:50:49.788 [main] DEBUG jdk.event.security - X509Certificate: Alg:SHA256withRSA, Serial:1, Subject:CN=MySQL_Server_8.0.34_Auto_Generated_CA_Certificate, Issuer:CN=MySQL_Server_8.0.34_Auto_Generated_CA_Certificate, Key type:RSA, Length:2048, Cert Id:1620812319, Valid from:21/9/23, 08:00, Valid until:18/9/33, 08:00
21:50:49.799 [main] DEBUG jdk.event.security -  TLSHandshake: localhost:3306, TLSv1.3, TLS_AES_256_GCM_SHA384, 3403965924
21:51:45.905 [main] INFO  tec.bd.weather.App - Application startup
21:51:46.552 [main] DEBUG jdk.event.security - X509Certificate: Alg:SHA256withRSA, Serial:2, Subject:CN=MySQL_Server_8.0.34_Auto_Generated_Server_Certificate, Issuer:CN=MySQL_Server_8.0.34_Auto_Generated_CA_Certificate, Key type:RSA, Length:2048, Cert Id:3403965924, Valid from:21/9/23, 08:00, Valid until:18/9/33, 08:00
21:51:46.553 [main] DEBUG jdk.event.security - X509Certificate: Alg:SHA256withRSA, Serial:1, Subject:CN=MySQL_Server_8.0.34_Auto_Generated_CA_Certificate, Issuer:CN=MySQL_Server_8.0.34_Auto_Generated_CA_Certificate, Key type:RSA, Length:2048, Cert Id:1620812319, Valid from:21/9/23, 08:00, Valid until:18/9/33, 08:00
21:51:46.564 [main] DEBUG jdk.event.security -  TLSHandshake: localhost:3306, TLSv1.3, TLS_AES_256_GCM_SHA384, 3403965924
