13:21:44.348 [main] INFO  tec.bd.weather.App - Application startup
13:22:18.445 [main] INFO  tec.bd.weather.App - Application startup
13:29:28.886 [main] INFO  tec.bd.weather.App - Application startup
13:29:54.068 [main] INFO  tec.bd.weather.App - Application startup
13:30:29.212 [main] INFO  tec.bd.weather.App - Application startup
13:30:29.951 [main] DEBUG jdk.event.security - X509Certificate: Alg:SHA256withRSA, Serial:2, Subject:CN=MySQL_Server_8.0.34_Auto_Generated_Server_Certificate, Issuer:CN=MySQL_Server_8.0.34_Auto_Generated_CA_Certificate, Key type:RSA, Length:2048, Cert Id:3403965924, Valid from:21/9/23, 08:00, Valid until:18/9/33, 08:00
13:30:29.952 [main] DEBUG jdk.event.security - X509Certificate: Alg:SHA256withRSA, Serial:1, Subject:CN=MySQL_Server_8.0.34_Auto_Generated_CA_Certificate, Issuer:CN=MySQL_Server_8.0.34_Auto_Generated_CA_Certificate, Key type:RSA, Length:2048, Cert Id:1620812319, Valid from:21/9/23, 08:00, Valid until:18/9/33, 08:00
13:30:29.968 [main] DEBUG jdk.event.security -  TLSHandshake: localhost:3306, TLSv1.3, TLS_AES_256_GCM_SHA384, 3403965924
13:34:35.734 [main] INFO  tec.bd.weather.App - Application startup
13:34:36.325 [main] DEBUG jdk.event.security - X509Certificate: Alg:SHA256withRSA, Serial:2, Subject:CN=MySQL_Server_8.0.34_Auto_Generated_Server_Certificate, Issuer:CN=MySQL_Server_8.0.34_Auto_Generated_CA_Certificate, Key type:RSA, Length:2048, Cert Id:3403965924, Valid from:21/9/23, 08:00, Valid until:18/9/33, 08:00
13:34:36.326 [main] DEBUG jdk.event.security - X509Certificate: Alg:SHA256withRSA, Serial:1, Subject:CN=MySQL_Server_8.0.34_Auto_Generated_CA_Certificate, Issuer:CN=MySQL_Server_8.0.34_Auto_Generated_CA_Certificate, Key type:RSA, Length:2048, Cert Id:1620812319, Valid from:21/9/23, 08:00, Valid until:18/9/33, 08:00
13:34:36.338 [main] DEBUG jdk.event.security -  TLSHandshake: localhost:3306, TLSv1.3, TLS_AES_256_GCM_SHA384, 3403965924
13:36:22.758 [main] INFO  tec.bd.weather.App - Application startup
13:36:23.347 [main] DEBUG jdk.event.security - X509Certificate: Alg:SHA256withRSA, Serial:2, Subject:CN=MySQL_Server_8.0.34_Auto_Generated_Server_Certificate, Issuer:CN=MySQL_Server_8.0.34_Auto_Generated_CA_Certificate, Key type:RSA, Length:2048, Cert Id:3403965924, Valid from:21/9/23, 08:00, Valid until:18/9/33, 08:00
13:36:23.354 [main] DEBUG jdk.event.security - X509Certificate: Alg:SHA256withRSA, Serial:1, Subject:CN=MySQL_Server_8.0.34_Auto_Generated_CA_Certificate, Issuer:CN=MySQL_Server_8.0.34_Auto_Generated_CA_Certificate, Key type:RSA, Length:2048, Cert Id:1620812319, Valid from:21/9/23, 08:00, Valid until:18/9/33, 08:00
13:36:23.367 [main] DEBUG jdk.event.security -  TLSHandshake: localhost:3306, TLSv1.3, TLS_AES_256_GCM_SHA384, 3403965924
13:38:55.940 [main] INFO  tec.bd.weather.App - Application startup
13:38:56.560 [main] DEBUG jdk.event.security - X509Certificate: Alg:SHA256withRSA, Serial:2, Subject:CN=MySQL_Server_8.0.34_Auto_Generated_Server_Certificate, Issuer:CN=MySQL_Server_8.0.34_Auto_Generated_CA_Certificate, Key type:RSA, Length:2048, Cert Id:3403965924, Valid from:21/9/23, 08:00, Valid until:18/9/33, 08:00
13:38:56.561 [main] DEBUG jdk.event.security - X509Certificate: Alg:SHA256withRSA, Serial:1, Subject:CN=MySQL_Server_8.0.34_Auto_Generated_CA_Certificate, Issuer:CN=MySQL_Server_8.0.34_Auto_Generated_CA_Certificate, Key type:RSA, Length:2048, Cert Id:1620812319, Valid from:21/9/23, 08:00, Valid until:18/9/33, 08:00
13:38:56.574 [main] DEBUG jdk.event.security -  TLSHandshake: localhost:3306, TLSv1.3, TLS_AES_256_GCM_SHA384, 3403965924
13:40:08.383 [main] INFO  tec.bd.weather.App - Application startup
13:40:09.120 [main] DEBUG jdk.event.security - X509Certificate: Alg:SHA256withRSA, Serial:2, Subject:CN=MySQL_Server_8.0.34_Auto_Generated_Server_Certificate, Issuer:CN=MySQL_Server_8.0.34_Auto_Generated_CA_Certificate, Key type:RSA, Length:2048, Cert Id:3403965924, Valid from:21/9/23, 08:00, Valid until:18/9/33, 08:00
13:40:09.121 [main] DEBUG jdk.event.security - X509Certificate: Alg:SHA256withRSA, Serial:1, Subject:CN=MySQL_Server_8.0.34_Auto_Generated_CA_Certificate, Issuer:CN=MySQL_Server_8.0.34_Auto_Generated_CA_Certificate, Key type:RSA, Length:2048, Cert Id:1620812319, Valid from:21/9/23, 08:00, Valid until:18/9/33, 08:00
13:40:09.133 [main] DEBUG jdk.event.security -  TLSHandshake: localhost:3306, TLSv1.3, TLS_AES_256_GCM_SHA384, 3403965924
13:41:33.482 [main] INFO  tec.bd.weather.App - Application startup
13:41:34.075 [main] DEBUG jdk.event.security - X509Certificate: Alg:SHA256withRSA, Serial:2, Subject:CN=MySQL_Server_8.0.34_Auto_Generated_Server_Certificate, Issuer:CN=MySQL_Server_8.0.34_Auto_Generated_CA_Certificate, Key type:RSA, Length:2048, Cert Id:3403965924, Valid from:21/9/23, 08:00, Valid until:18/9/33, 08:00
13:41:34.077 [main] DEBUG jdk.event.security - X509Certificate: Alg:SHA256withRSA, Serial:1, Subject:CN=MySQL_Server_8.0.34_Auto_Generated_CA_Certificate, Issuer:CN=MySQL_Server_8.0.34_Auto_Generated_CA_Certificate, Key type:RSA, Length:2048, Cert Id:1620812319, Valid from:21/9/23, 08:00, Valid until:18/9/33, 08:00
13:41:34.090 [main] DEBUG jdk.event.security -  TLSHandshake: localhost:3306, TLSv1.3, TLS_AES_256_GCM_SHA384, 3403965924
13:41:46.955 [main] INFO  tec.bd.weather.App - Application startup
13:41:47.556 [main] DEBUG jdk.event.security - X509Certificate: Alg:SHA256withRSA, Serial:2, Subject:CN=MySQL_Server_8.0.34_Auto_Generated_Server_Certificate, Issuer:CN=MySQL_Server_8.0.34_Auto_Generated_CA_Certificate, Key type:RSA, Length:2048, Cert Id:3403965924, Valid from:21/9/23, 08:00, Valid until:18/9/33, 08:00
13:41:47.557 [main] DEBUG jdk.event.security - X509Certificate: Alg:SHA256withRSA, Serial:1, Subject:CN=MySQL_Server_8.0.34_Auto_Generated_CA_Certificate, Issuer:CN=MySQL_Server_8.0.34_Auto_Generated_CA_Certificate, Key type:RSA, Length:2048, Cert Id:1620812319, Valid from:21/9/23, 08:00, Valid until:18/9/33, 08:00
13:41:47.569 [main] DEBUG jdk.event.security -  TLSHandshake: localhost:3306, TLSv1.3, TLS_AES_256_GCM_SHA384, 3403965924
13:42:02.786 [main] INFO  tec.bd.weather.App - Application startup
13:42:03.414 [main] DEBUG jdk.event.security - X509Certificate: Alg:SHA256withRSA, Serial:2, Subject:CN=MySQL_Server_8.0.34_Auto_Generated_Server_Certificate, Issuer:CN=MySQL_Server_8.0.34_Auto_Generated_CA_Certificate, Key type:RSA, Length:2048, Cert Id:3403965924, Valid from:21/9/23, 08:00, Valid until:18/9/33, 08:00
13:42:03.415 [main] DEBUG jdk.event.security - X509Certificate: Alg:SHA256withRSA, Serial:1, Subject:CN=MySQL_Server_8.0.34_Auto_Generated_CA_Certificate, Issuer:CN=MySQL_Server_8.0.34_Auto_Generated_CA_Certificate, Key type:RSA, Length:2048, Cert Id:1620812319, Valid from:21/9/23, 08:00, Valid until:18/9/33, 08:00
13:42:03.426 [main] DEBUG jdk.event.security -  TLSHandshake: localhost:3306, TLSv1.3, TLS_AES_256_GCM_SHA384, 3403965924
13:42:17.411 [main] INFO  tec.bd.weather.App - Application startup
13:42:18.068 [main] DEBUG jdk.event.security - X509Certificate: Alg:SHA256withRSA, Serial:2, Subject:CN=MySQL_Server_8.0.34_Auto_Generated_Server_Certificate, Issuer:CN=MySQL_Server_8.0.34_Auto_Generated_CA_Certificate, Key type:RSA, Length:2048, Cert Id:3403965924, Valid from:21/9/23, 08:00, Valid until:18/9/33, 08:00
13:42:18.069 [main] DEBUG jdk.event.security - X509Certificate: Alg:SHA256withRSA, Serial:1, Subject:CN=MySQL_Server_8.0.34_Auto_Generated_CA_Certificate, Issuer:CN=MySQL_Server_8.0.34_Auto_Generated_CA_Certificate, Key type:RSA, Length:2048, Cert Id:1620812319, Valid from:21/9/23, 08:00, Valid until:18/9/33, 08:00
13:42:18.082 [main] DEBUG jdk.event.security -  TLSHandshake: localhost:3306, TLSv1.3, TLS_AES_256_GCM_SHA384, 3403965924
13:42:18.183 [main] DEBUG jdk.event.security - X509Certificate: Alg:SHA256withRSA, Serial:2, Subject:CN=MySQL_Server_8.0.34_Auto_Generated_Server_Certificate, Issuer:CN=MySQL_Server_8.0.34_Auto_Generated_CA_Certificate, Key type:RSA, Length:2048, Cert Id:3403965924, Valid from:21/9/23, 08:00, Valid until:18/9/33, 08:00
13:42:18.183 [main] DEBUG jdk.event.security - X509Certificate: Alg:SHA256withRSA, Serial:1, Subject:CN=MySQL_Server_8.0.34_Auto_Generated_CA_Certificate, Issuer:CN=MySQL_Server_8.0.34_Auto_Generated_CA_Certificate, Key type:RSA, Length:2048, Cert Id:1620812319, Valid from:21/9/23, 08:00, Valid until:18/9/33, 08:00
13:42:18.187 [main] DEBUG jdk.event.security -  TLSHandshake: localhost:3306, TLSv1.3, TLS_AES_256_GCM_SHA384, 3403965924
13:42:39.355 [main] INFO  tec.bd.weather.App - Application startup
13:42:39.950 [main] DEBUG jdk.event.security - X509Certificate: Alg:SHA256withRSA, Serial:2, Subject:CN=MySQL_Server_8.0.34_Auto_Generated_Server_Certificate, Issuer:CN=MySQL_Server_8.0.34_Auto_Generated_CA_Certificate, Key type:RSA, Length:2048, Cert Id:3403965924, Valid from:21/9/23, 08:00, Valid until:18/9/33, 08:00
13:42:39.951 [main] DEBUG jdk.event.security - X509Certificate: Alg:SHA256withRSA, Serial:1, Subject:CN=MySQL_Server_8.0.34_Auto_Generated_CA_Certificate, Issuer:CN=MySQL_Server_8.0.34_Auto_Generated_CA_Certificate, Key type:RSA, Length:2048, Cert Id:1620812319, Valid from:21/9/23, 08:00, Valid until:18/9/33, 08:00
13:42:39.963 [main] DEBUG jdk.event.security -  TLSHandshake: localhost:3306, TLSv1.3, TLS_AES_256_GCM_SHA384, 3403965924
13:42:40.069 [main] DEBUG jdk.event.security - X509Certificate: Alg:SHA256withRSA, Serial:2, Subject:CN=MySQL_Server_8.0.34_Auto_Generated_Server_Certificate, Issuer:CN=MySQL_Server_8.0.34_Auto_Generated_CA_Certificate, Key type:RSA, Length:2048, Cert Id:3403965924, Valid from:21/9/23, 08:00, Valid until:18/9/33, 08:00
13:42:40.070 [main] DEBUG jdk.event.security - X509Certificate: Alg:SHA256withRSA, Serial:1, Subject:CN=MySQL_Server_8.0.34_Auto_Generated_CA_Certificate, Issuer:CN=MySQL_Server_8.0.34_Auto_Generated_CA_Certificate, Key type:RSA, Length:2048, Cert Id:1620812319, Valid from:21/9/23, 08:00, Valid until:18/9/33, 08:00
13:42:40.074 [main] DEBUG jdk.event.security -  TLSHandshake: localhost:3306, TLSv1.3, TLS_AES_256_GCM_SHA384, 3403965924
13:44:40.407 [main] INFO  tec.bd.weather.App - Application startup
13:44:41.004 [main] DEBUG jdk.event.security - X509Certificate: Alg:SHA256withRSA, Serial:2, Subject:CN=MySQL_Server_8.0.34_Auto_Generated_Server_Certificate, Issuer:CN=MySQL_Server_8.0.34_Auto_Generated_CA_Certificate, Key type:RSA, Length:2048, Cert Id:3403965924, Valid from:21/9/23, 08:00, Valid until:18/9/33, 08:00
13:44:41.005 [main] DEBUG jdk.event.security - X509Certificate: Alg:SHA256withRSA, Serial:1, Subject:CN=MySQL_Server_8.0.34_Auto_Generated_CA_Certificate, Issuer:CN=MySQL_Server_8.0.34_Auto_Generated_CA_Certificate, Key type:RSA, Length:2048, Cert Id:1620812319, Valid from:21/9/23, 08:00, Valid until:18/9/33, 08:00
13:44:41.017 [main] DEBUG jdk.event.security -  TLSHandshake: localhost:3306, TLSv1.3, TLS_AES_256_GCM_SHA384, 3403965924
13:44:41.122 [main] DEBUG jdk.event.security - X509Certificate: Alg:SHA256withRSA, Serial:2, Subject:CN=MySQL_Server_8.0.34_Auto_Generated_Server_Certificate, Issuer:CN=MySQL_Server_8.0.34_Auto_Generated_CA_Certificate, Key type:RSA, Length:2048, Cert Id:3403965924, Valid from:21/9/23, 08:00, Valid until:18/9/33, 08:00
13:44:41.122 [main] DEBUG jdk.event.security - X509Certificate: Alg:SHA256withRSA, Serial:1, Subject:CN=MySQL_Server_8.0.34_Auto_Generated_CA_Certificate, Issuer:CN=MySQL_Server_8.0.34_Auto_Generated_CA_Certificate, Key type:RSA, Length:2048, Cert Id:1620812319, Valid from:21/9/23, 08:00, Valid until:18/9/33, 08:00
13:44:41.127 [main] DEBUG jdk.event.security -  TLSHandshake: localhost:3306, TLSv1.3, TLS_AES_256_GCM_SHA384, 3403965924
13:44:57.618 [main] INFO  tec.bd.weather.App - Application startup
13:44:58.272 [main] DEBUG jdk.event.security - X509Certificate: Alg:SHA256withRSA, Serial:2, Subject:CN=MySQL_Server_8.0.34_Auto_Generated_Server_Certificate, Issuer:CN=MySQL_Server_8.0.34_Auto_Generated_CA_Certificate, Key type:RSA, Length:2048, Cert Id:3403965924, Valid from:21/9/23, 08:00, Valid until:18/9/33, 08:00
13:44:58.274 [main] DEBUG jdk.event.security - X509Certificate: Alg:SHA256withRSA, Serial:1, Subject:CN=MySQL_Server_8.0.34_Auto_Generated_CA_Certificate, Issuer:CN=MySQL_Server_8.0.34_Auto_Generated_CA_Certificate, Key type:RSA, Length:2048, Cert Id:1620812319, Valid from:21/9/23, 08:00, Valid until:18/9/33, 08:00
13:44:58.286 [main] DEBUG jdk.event.security -  TLSHandshake: localhost:3306, TLSv1.3, TLS_AES_256_GCM_SHA384, 3403965924
13:44:58.412 [main] DEBUG jdk.event.security - X509Certificate: Alg:SHA256withRSA, Serial:2, Subject:CN=MySQL_Server_8.0.34_Auto_Generated_Server_Certificate, Issuer:CN=MySQL_Server_8.0.34_Auto_Generated_CA_Certificate, Key type:RSA, Length:2048, Cert Id:3403965924, Valid from:21/9/23, 08:00, Valid until:18/9/33, 08:00
13:44:58.412 [main] DEBUG jdk.event.security - X509Certificate: Alg:SHA256withRSA, Serial:1, Subject:CN=MySQL_Server_8.0.34_Auto_Generated_CA_Certificate, Issuer:CN=MySQL_Server_8.0.34_Auto_Generated_CA_Certificate, Key type:RSA, Length:2048, Cert Id:1620812319, Valid from:21/9/23, 08:00, Valid until:18/9/33, 08:00
13:44:58.416 [main] DEBUG jdk.event.security -  TLSHandshake: localhost:3306, TLSv1.3, TLS_AES_256_GCM_SHA384, 3403965924
13:45:32.397 [main] INFO  tec.bd.weather.App - Application startup
13:59:34.918 [main] INFO  tec.bd.weather.App - Application startup
13:59:35.544 [main] DEBUG jdk.event.security - X509Certificate: Alg:SHA256withRSA, Serial:2, Subject:CN=MySQL_Server_8.0.34_Auto_Generated_Server_Certificate, Issuer:CN=MySQL_Server_8.0.34_Auto_Generated_CA_Certificate, Key type:RSA, Length:2048, Cert Id:3403965924, Valid from:21/9/23, 08:00, Valid until:18/9/33, 08:00
13:59:35.545 [main] DEBUG jdk.event.security - X509Certificate: Alg:SHA256withRSA, Serial:1, Subject:CN=MySQL_Server_8.0.34_Auto_Generated_CA_Certificate, Issuer:CN=MySQL_Server_8.0.34_Auto_Generated_CA_Certificate, Key type:RSA, Length:2048, Cert Id:1620812319, Valid from:21/9/23, 08:00, Valid until:18/9/33, 08:00
13:59:35.557 [main] DEBUG jdk.event.security -  TLSHandshake: localhost:3306, TLSv1.3, TLS_AES_256_GCM_SHA384, 3403965924
14:00:15.935 [main] INFO  tec.bd.weather.App - Application startup
14:00:16.680 [main] DEBUG jdk.event.security - X509Certificate: Alg:SHA256withRSA, Serial:2, Subject:CN=MySQL_Server_8.0.34_Auto_Generated_Server_Certificate, Issuer:CN=MySQL_Server_8.0.34_Auto_Generated_CA_Certificate, Key type:RSA, Length:2048, Cert Id:3403965924, Valid from:21/9/23, 08:00, Valid until:18/9/33, 08:00
14:00:16.681 [main] DEBUG jdk.event.security - X509Certificate: Alg:SHA256withRSA, Serial:1, Subject:CN=MySQL_Server_8.0.34_Auto_Generated_CA_Certificate, Issuer:CN=MySQL_Server_8.0.34_Auto_Generated_CA_Certificate, Key type:RSA, Length:2048, Cert Id:1620812319, Valid from:21/9/23, 08:00, Valid until:18/9/33, 08:00
14:00:16.693 [main] DEBUG jdk.event.security -  TLSHandshake: localhost:3306, TLSv1.3, TLS_AES_256_GCM_SHA384, 3403965924
14:02:33.827 [main] INFO  tec.bd.weather.App - Application startup
14:02:34.742 [main] DEBUG jdk.event.security - X509Certificate: Alg:SHA256withRSA, Serial:2, Subject:CN=MySQL_Server_8.0.34_Auto_Generated_Server_Certificate, Issuer:CN=MySQL_Server_8.0.34_Auto_Generated_CA_Certificate, Key type:RSA, Length:2048, Cert Id:3403965924, Valid from:21/9/23, 08:00, Valid until:18/9/33, 08:00
14:02:34.744 [main] DEBUG jdk.event.security - X509Certificate: Alg:SHA256withRSA, Serial:1, Subject:CN=MySQL_Server_8.0.34_Auto_Generated_CA_Certificate, Issuer:CN=MySQL_Server_8.0.34_Auto_Generated_CA_Certificate, Key type:RSA, Length:2048, Cert Id:1620812319, Valid from:21/9/23, 08:00, Valid until:18/9/33, 08:00
14:02:34.755 [main] DEBUG jdk.event.security -  TLSHandshake: localhost:3306, TLSv1.3, TLS_AES_256_GCM_SHA384, 3403965924
14:03:21.881 [main] INFO  tec.bd.weather.App - Application startup
14:03:22.481 [main] DEBUG jdk.event.security - X509Certificate: Alg:SHA256withRSA, Serial:2, Subject:CN=MySQL_Server_8.0.34_Auto_Generated_Server_Certificate, Issuer:CN=MySQL_Server_8.0.34_Auto_Generated_CA_Certificate, Key type:RSA, Length:2048, Cert Id:3403965924, Valid from:21/9/23, 08:00, Valid until:18/9/33, 08:00
14:03:22.483 [main] DEBUG jdk.event.security - X509Certificate: Alg:SHA256withRSA, Serial:1, Subject:CN=MySQL_Server_8.0.34_Auto_Generated_CA_Certificate, Issuer:CN=MySQL_Server_8.0.34_Auto_Generated_CA_Certificate, Key type:RSA, Length:2048, Cert Id:1620812319, Valid from:21/9/23, 08:00, Valid until:18/9/33, 08:00
14:03:22.499 [main] DEBUG jdk.event.security -  TLSHandshake: localhost:3306, TLSv1.3, TLS_AES_256_GCM_SHA384, 3403965924
14:05:43.604 [main] INFO  tec.bd.weather.App - Application startup
14:05:44.208 [main] DEBUG jdk.event.security - X509Certificate: Alg:SHA256withRSA, Serial:2, Subject:CN=MySQL_Server_8.0.34_Auto_Generated_Server_Certificate, Issuer:CN=MySQL_Server_8.0.34_Auto_Generated_CA_Certificate, Key type:RSA, Length:2048, Cert Id:3403965924, Valid from:21/9/23, 08:00, Valid until:18/9/33, 08:00
14:05:44.209 [main] DEBUG jdk.event.security - X509Certificate: Alg:SHA256withRSA, Serial:1, Subject:CN=MySQL_Server_8.0.34_Auto_Generated_CA_Certificate, Issuer:CN=MySQL_Server_8.0.34_Auto_Generated_CA_Certificate, Key type:RSA, Length:2048, Cert Id:1620812319, Valid from:21/9/23, 08:00, Valid until:18/9/33, 08:00
14:05:44.221 [main] DEBUG jdk.event.security -  TLSHandshake: localhost:3306, TLSv1.3, TLS_AES_256_GCM_SHA384, 3403965924
14:06:05.302 [main] INFO  tec.bd.weather.App - Application startup
14:06:05.893 [main] DEBUG jdk.event.security - X509Certificate: Alg:SHA256withRSA, Serial:2, Subject:CN=MySQL_Server_8.0.34_Auto_Generated_Server_Certificate, Issuer:CN=MySQL_Server_8.0.34_Auto_Generated_CA_Certificate, Key type:RSA, Length:2048, Cert Id:3403965924, Valid from:21/9/23, 08:00, Valid until:18/9/33, 08:00
14:06:05.894 [main] DEBUG jdk.event.security - X509Certificate: Alg:SHA256withRSA, Serial:1, Subject:CN=MySQL_Server_8.0.34_Auto_Generated_CA_Certificate, Issuer:CN=MySQL_Server_8.0.34_Auto_Generated_CA_Certificate, Key type:RSA, Length:2048, Cert Id:1620812319, Valid from:21/9/23, 08:00, Valid until:18/9/33, 08:00
14:06:05.907 [main] DEBUG jdk.event.security -  TLSHandshake: localhost:3306, TLSv1.3, TLS_AES_256_GCM_SHA384, 3403965924
14:06:14.633 [main] INFO  tec.bd.weather.App - Application startup
14:06:15.333 [main] DEBUG jdk.event.security - X509Certificate: Alg:SHA256withRSA, Serial:2, Subject:CN=MySQL_Server_8.0.34_Auto_Generated_Server_Certificate, Issuer:CN=MySQL_Server_8.0.34_Auto_Generated_CA_Certificate, Key type:RSA, Length:2048, Cert Id:3403965924, Valid from:21/9/23, 08:00, Valid until:18/9/33, 08:00
14:06:15.334 [main] DEBUG jdk.event.security - X509Certificate: Alg:SHA256withRSA, Serial:1, Subject:CN=MySQL_Server_8.0.34_Auto_Generated_CA_Certificate, Issuer:CN=MySQL_Server_8.0.34_Auto_Generated_CA_Certificate, Key type:RSA, Length:2048, Cert Id:1620812319, Valid from:21/9/23, 08:00, Valid until:18/9/33, 08:00
14:06:15.345 [main] DEBUG jdk.event.security -  TLSHandshake: localhost:3306, TLSv1.3, TLS_AES_256_GCM_SHA384, 3403965924
14:07:08.399 [main] INFO  tec.bd.weather.App - Application startup
14:07:09.103 [main] DEBUG jdk.event.security - X509Certificate: Alg:SHA256withRSA, Serial:2, Subject:CN=MySQL_Server_8.0.34_Auto_Generated_Server_Certificate, Issuer:CN=MySQL_Server_8.0.34_Auto_Generated_CA_Certificate, Key type:RSA, Length:2048, Cert Id:3403965924, Valid from:21/9/23, 08:00, Valid until:18/9/33, 08:00
14:07:09.104 [main] DEBUG jdk.event.security - X509Certificate: Alg:SHA256withRSA, Serial:1, Subject:CN=MySQL_Server_8.0.34_Auto_Generated_CA_Certificate, Issuer:CN=MySQL_Server_8.0.34_Auto_Generated_CA_Certificate, Key type:RSA, Length:2048, Cert Id:1620812319, Valid from:21/9/23, 08:00, Valid until:18/9/33, 08:00
14:07:09.116 [main] DEBUG jdk.event.security -  TLSHandshake: localhost:3306, TLSv1.3, TLS_AES_256_GCM_SHA384, 3403965924
14:10:40.983 [main] INFO  tec.bd.weather.App - Application startup
14:10:41.767 [main] DEBUG jdk.event.security - X509Certificate: Alg:SHA256withRSA, Serial:2, Subject:CN=MySQL_Server_8.0.34_Auto_Generated_Server_Certificate, Issuer:CN=MySQL_Server_8.0.34_Auto_Generated_CA_Certificate, Key type:RSA, Length:2048, Cert Id:3403965924, Valid from:21/9/23, 08:00, Valid until:18/9/33, 08:00
14:10:41.768 [main] DEBUG jdk.event.security - X509Certificate: Alg:SHA256withRSA, Serial:1, Subject:CN=MySQL_Server_8.0.34_Auto_Generated_CA_Certificate, Issuer:CN=MySQL_Server_8.0.34_Auto_Generated_CA_Certificate, Key type:RSA, Length:2048, Cert Id:1620812319, Valid from:21/9/23, 08:00, Valid until:18/9/33, 08:00
14:10:41.786 [main] DEBUG jdk.event.security -  TLSHandshake: localhost:3306, TLSv1.3, TLS_AES_256_GCM_SHA384, 3403965924
14:14:35.749 [main] INFO  tec.bd.weather.App - Application startup
14:14:36.362 [main] DEBUG jdk.event.security - X509Certificate: Alg:SHA256withRSA, Serial:2, Subject:CN=MySQL_Server_8.0.34_Auto_Generated_Server_Certificate, Issuer:CN=MySQL_Server_8.0.34_Auto_Generated_CA_Certificate, Key type:RSA, Length:2048, Cert Id:3403965924, Valid from:21/9/23, 08:00, Valid until:18/9/33, 08:00
14:14:36.364 [main] DEBUG jdk.event.security - X509Certificate: Alg:SHA256withRSA, Serial:1, Subject:CN=MySQL_Server_8.0.34_Auto_Generated_CA_Certificate, Issuer:CN=MySQL_Server_8.0.34_Auto_Generated_CA_Certificate, Key type:RSA, Length:2048, Cert Id:1620812319, Valid from:21/9/23, 08:00, Valid until:18/9/33, 08:00
14:14:36.377 [main] DEBUG jdk.event.security -  TLSHandshake: localhost:3306, TLSv1.3, TLS_AES_256_GCM_SHA384, 3403965924
14:15:18.489 [main] INFO  tec.bd.weather.App - Application startup
14:15:19.243 [main] DEBUG jdk.event.security - X509Certificate: Alg:SHA256withRSA, Serial:2, Subject:CN=MySQL_Server_8.0.34_Auto_Generated_Server_Certificate, Issuer:CN=MySQL_Server_8.0.34_Auto_Generated_CA_Certificate, Key type:RSA, Length:2048, Cert Id:3403965924, Valid from:21/9/23, 08:00, Valid until:18/9/33, 08:00
14:15:19.244 [main] DEBUG jdk.event.security - X509Certificate: Alg:SHA256withRSA, Serial:1, Subject:CN=MySQL_Server_8.0.34_Auto_Generated_CA_Certificate, Issuer:CN=MySQL_Server_8.0.34_Auto_Generated_CA_Certificate, Key type:RSA, Length:2048, Cert Id:1620812319, Valid from:21/9/23, 08:00, Valid until:18/9/33, 08:00
14:15:19.258 [main] DEBUG jdk.event.security -  TLSHandshake: localhost:3306, TLSv1.3, TLS_AES_256_GCM_SHA384, 3403965924
14:18:19.890 [main] INFO  tec.bd.weather.App - Application startup
14:18:20.522 [main] DEBUG jdk.event.security - X509Certificate: Alg:SHA256withRSA, Serial:2, Subject:CN=MySQL_Server_8.0.34_Auto_Generated_Server_Certificate, Issuer:CN=MySQL_Server_8.0.34_Auto_Generated_CA_Certificate, Key type:RSA, Length:2048, Cert Id:3403965924, Valid from:21/9/23, 08:00, Valid until:18/9/33, 08:00
14:18:20.524 [main] DEBUG jdk.event.security - X509Certificate: Alg:SHA256withRSA, Serial:1, Subject:CN=MySQL_Server_8.0.34_Auto_Generated_CA_Certificate, Issuer:CN=MySQL_Server_8.0.34_Auto_Generated_CA_Certificate, Key type:RSA, Length:2048, Cert Id:1620812319, Valid from:21/9/23, 08:00, Valid until:18/9/33, 08:00
14:18:20.539 [main] DEBUG jdk.event.security -  TLSHandshake: localhost:3306, TLSv1.3, TLS_AES_256_GCM_SHA384, 3403965924
14:20:59.439 [main] INFO  tec.bd.weather.App - Application startup
14:21:00.105 [main] DEBUG jdk.event.security - X509Certificate: Alg:SHA256withRSA, Serial:2, Subject:CN=MySQL_Server_8.0.34_Auto_Generated_Server_Certificate, Issuer:CN=MySQL_Server_8.0.34_Auto_Generated_CA_Certificate, Key type:RSA, Length:2048, Cert Id:3403965924, Valid from:21/9/23, 08:00, Valid until:18/9/33, 08:00
14:21:00.106 [main] DEBUG jdk.event.security - X509Certificate: Alg:SHA256withRSA, Serial:1, Subject:CN=MySQL_Server_8.0.34_Auto_Generated_CA_Certificate, Issuer:CN=MySQL_Server_8.0.34_Auto_Generated_CA_Certificate, Key type:RSA, Length:2048, Cert Id:1620812319, Valid from:21/9/23, 08:00, Valid until:18/9/33, 08:00
14:21:00.119 [main] DEBUG jdk.event.security -  TLSHandshake: localhost:3306, TLSv1.3, TLS_AES_256_GCM_SHA384, 3403965924
14:22:46.736 [main] INFO  tec.bd.weather.App - Application startup
14:22:47.362 [main] DEBUG jdk.event.security - X509Certificate: Alg:SHA256withRSA, Serial:2, Subject:CN=MySQL_Server_8.0.34_Auto_Generated_Server_Certificate, Issuer:CN=MySQL_Server_8.0.34_Auto_Generated_CA_Certificate, Key type:RSA, Length:2048, Cert Id:3403965924, Valid from:21/9/23, 08:00, Valid until:18/9/33, 08:00
14:22:47.364 [main] DEBUG jdk.event.security - X509Certificate: Alg:SHA256withRSA, Serial:1, Subject:CN=MySQL_Server_8.0.34_Auto_Generated_CA_Certificate, Issuer:CN=MySQL_Server_8.0.34_Auto_Generated_CA_Certificate, Key type:RSA, Length:2048, Cert Id:1620812319, Valid from:21/9/23, 08:00, Valid until:18/9/33, 08:00
14:22:47.380 [main] DEBUG jdk.event.security -  TLSHandshake: localhost:3306, TLSv1.3, TLS_AES_256_GCM_SHA384, 3403965924
14:24:56.382 [main] INFO  tec.bd.weather.App - Application startup
14:24:57.018 [main] DEBUG jdk.event.security - X509Certificate: Alg:SHA256withRSA, Serial:2, Subject:CN=MySQL_Server_8.0.34_Auto_Generated_Server_Certificate, Issuer:CN=MySQL_Server_8.0.34_Auto_Generated_CA_Certificate, Key type:RSA, Length:2048, Cert Id:3403965924, Valid from:21/9/23, 08:00, Valid until:18/9/33, 08:00
14:24:57.019 [main] DEBUG jdk.event.security - X509Certificate: Alg:SHA256withRSA, Serial:1, Subject:CN=MySQL_Server_8.0.34_Auto_Generated_CA_Certificate, Issuer:CN=MySQL_Server_8.0.34_Auto_Generated_CA_Certificate, Key type:RSA, Length:2048, Cert Id:1620812319, Valid from:21/9/23, 08:00, Valid until:18/9/33, 08:00
14:24:57.032 [main] DEBUG jdk.event.security -  TLSHandshake: localhost:3306, TLSv1.3, TLS_AES_256_GCM_SHA384, 3403965924
14:26:51.945 [main] INFO  tec.bd.weather.App - Application startup
14:26:52.571 [main] DEBUG jdk.event.security - X509Certificate: Alg:SHA256withRSA, Serial:2, Subject:CN=MySQL_Server_8.0.34_Auto_Generated_Server_Certificate, Issuer:CN=MySQL_Server_8.0.34_Auto_Generated_CA_Certificate, Key type:RSA, Length:2048, Cert Id:3403965924, Valid from:21/9/23, 08:00, Valid until:18/9/33, 08:00
14:26:52.572 [main] DEBUG jdk.event.security - X509Certificate: Alg:SHA256withRSA, Serial:1, Subject:CN=MySQL_Server_8.0.34_Auto_Generated_CA_Certificate, Issuer:CN=MySQL_Server_8.0.34_Auto_Generated_CA_Certificate, Key type:RSA, Length:2048, Cert Id:1620812319, Valid from:21/9/23, 08:00, Valid until:18/9/33, 08:00
14:26:52.586 [main] DEBUG jdk.event.security -  TLSHandshake: localhost:3306, TLSv1.3, TLS_AES_256_GCM_SHA384, 3403965924
14:27:11.981 [main] INFO  tec.bd.weather.App - Application startup
14:27:12.577 [main] DEBUG jdk.event.security - X509Certificate: Alg:SHA256withRSA, Serial:2, Subject:CN=MySQL_Server_8.0.34_Auto_Generated_Server_Certificate, Issuer:CN=MySQL_Server_8.0.34_Auto_Generated_CA_Certificate, Key type:RSA, Length:2048, Cert Id:3403965924, Valid from:21/9/23, 08:00, Valid until:18/9/33, 08:00
14:27:12.578 [main] DEBUG jdk.event.security - X509Certificate: Alg:SHA256withRSA, Serial:1, Subject:CN=MySQL_Server_8.0.34_Auto_Generated_CA_Certificate, Issuer:CN=MySQL_Server_8.0.34_Auto_Generated_CA_Certificate, Key type:RSA, Length:2048, Cert Id:1620812319, Valid from:21/9/23, 08:00, Valid until:18/9/33, 08:00
14:27:12.590 [main] DEBUG jdk.event.security -  TLSHandshake: localhost:3306, TLSv1.3, TLS_AES_256_GCM_SHA384, 3403965924
14:27:52.674 [main] INFO  tec.bd.weather.App - Application startup
14:27:53.350 [main] DEBUG jdk.event.security - X509Certificate: Alg:SHA256withRSA, Serial:2, Subject:CN=MySQL_Server_8.0.34_Auto_Generated_Server_Certificate, Issuer:CN=MySQL_Server_8.0.34_Auto_Generated_CA_Certificate, Key type:RSA, Length:2048, Cert Id:3403965924, Valid from:21/9/23, 08:00, Valid until:18/9/33, 08:00
14:27:53.351 [main] DEBUG jdk.event.security - X509Certificate: Alg:SHA256withRSA, Serial:1, Subject:CN=MySQL_Server_8.0.34_Auto_Generated_CA_Certificate, Issuer:CN=MySQL_Server_8.0.34_Auto_Generated_CA_Certificate, Key type:RSA, Length:2048, Cert Id:1620812319, Valid from:21/9/23, 08:00, Valid until:18/9/33, 08:00
14:27:53.364 [main] DEBUG jdk.event.security -  TLSHandshake: localhost:3306, TLSv1.3, TLS_AES_256_GCM_SHA384, 3403965924
14:28:20.094 [main] INFO  tec.bd.weather.App - Application startup
14:28:20.716 [main] DEBUG jdk.event.security - X509Certificate: Alg:SHA256withRSA, Serial:2, Subject:CN=MySQL_Server_8.0.34_Auto_Generated_Server_Certificate, Issuer:CN=MySQL_Server_8.0.34_Auto_Generated_CA_Certificate, Key type:RSA, Length:2048, Cert Id:3403965924, Valid from:21/9/23, 08:00, Valid until:18/9/33, 08:00
14:28:20.717 [main] DEBUG jdk.event.security - X509Certificate: Alg:SHA256withRSA, Serial:1, Subject:CN=MySQL_Server_8.0.34_Auto_Generated_CA_Certificate, Issuer:CN=MySQL_Server_8.0.34_Auto_Generated_CA_Certificate, Key type:RSA, Length:2048, Cert Id:1620812319, Valid from:21/9/23, 08:00, Valid until:18/9/33, 08:00
14:28:20.729 [main] DEBUG jdk.event.security -  TLSHandshake: localhost:3306, TLSv1.3, TLS_AES_256_GCM_SHA384, 3403965924
14:29:04.959 [main] INFO  tec.bd.weather.App - Application startup
14:29:05.571 [main] DEBUG jdk.event.security - X509Certificate: Alg:SHA256withRSA, Serial:2, Subject:CN=MySQL_Server_8.0.34_Auto_Generated_Server_Certificate, Issuer:CN=MySQL_Server_8.0.34_Auto_Generated_CA_Certificate, Key type:RSA, Length:2048, Cert Id:3403965924, Valid from:21/9/23, 08:00, Valid until:18/9/33, 08:00
14:29:05.572 [main] DEBUG jdk.event.security - X509Certificate: Alg:SHA256withRSA, Serial:1, Subject:CN=MySQL_Server_8.0.34_Auto_Generated_CA_Certificate, Issuer:CN=MySQL_Server_8.0.34_Auto_Generated_CA_Certificate, Key type:RSA, Length:2048, Cert Id:1620812319, Valid from:21/9/23, 08:00, Valid until:18/9/33, 08:00
14:29:05.584 [main] DEBUG jdk.event.security -  TLSHandshake: localhost:3306, TLSv1.3, TLS_AES_256_GCM_SHA384, 3403965924
14:29:16.243 [main] INFO  tec.bd.weather.App - Application startup
14:29:16.927 [main] DEBUG jdk.event.security - X509Certificate: Alg:SHA256withRSA, Serial:2, Subject:CN=MySQL_Server_8.0.34_Auto_Generated_Server_Certificate, Issuer:CN=MySQL_Server_8.0.34_Auto_Generated_CA_Certificate, Key type:RSA, Length:2048, Cert Id:3403965924, Valid from:21/9/23, 08:00, Valid until:18/9/33, 08:00
14:29:16.928 [main] DEBUG jdk.event.security - X509Certificate: Alg:SHA256withRSA, Serial:1, Subject:CN=MySQL_Server_8.0.34_Auto_Generated_CA_Certificate, Issuer:CN=MySQL_Server_8.0.34_Auto_Generated_CA_Certificate, Key type:RSA, Length:2048, Cert Id:1620812319, Valid from:21/9/23, 08:00, Valid until:18/9/33, 08:00
14:29:16.939 [main] DEBUG jdk.event.security -  TLSHandshake: localhost:3306, TLSv1.3, TLS_AES_256_GCM_SHA384, 3403965924
14:29:37.610 [main] INFO  tec.bd.weather.App - Application startup
14:29:38.211 [main] DEBUG jdk.event.security - X509Certificate: Alg:SHA256withRSA, Serial:2, Subject:CN=MySQL_Server_8.0.34_Auto_Generated_Server_Certificate, Issuer:CN=MySQL_Server_8.0.34_Auto_Generated_CA_Certificate, Key type:RSA, Length:2048, Cert Id:3403965924, Valid from:21/9/23, 08:00, Valid until:18/9/33, 08:00
14:29:38.213 [main] DEBUG jdk.event.security - X509Certificate: Alg:SHA256withRSA, Serial:1, Subject:CN=MySQL_Server_8.0.34_Auto_Generated_CA_Certificate, Issuer:CN=MySQL_Server_8.0.34_Auto_Generated_CA_Certificate, Key type:RSA, Length:2048, Cert Id:1620812319, Valid from:21/9/23, 08:00, Valid until:18/9/33, 08:00
14:29:38.225 [main] DEBUG jdk.event.security -  TLSHandshake: localhost:3306, TLSv1.3, TLS_AES_256_GCM_SHA384, 3403965924
14:30:03.060 [main] INFO  tec.bd.weather.App - Application startup
14:30:03.657 [main] DEBUG jdk.event.security - X509Certificate: Alg:SHA256withRSA, Serial:2, Subject:CN=MySQL_Server_8.0.34_Auto_Generated_Server_Certificate, Issuer:CN=MySQL_Server_8.0.34_Auto_Generated_CA_Certificate, Key type:RSA, Length:2048, Cert Id:3403965924, Valid from:21/9/23, 08:00, Valid until:18/9/33, 08:00
14:30:03.658 [main] DEBUG jdk.event.security - X509Certificate: Alg:SHA256withRSA, Serial:1, Subject:CN=MySQL_Server_8.0.34_Auto_Generated_CA_Certificate, Issuer:CN=MySQL_Server_8.0.34_Auto_Generated_CA_Certificate, Key type:RSA, Length:2048, Cert Id:1620812319, Valid from:21/9/23, 08:00, Valid until:18/9/33, 08:00
14:30:03.670 [main] DEBUG jdk.event.security -  TLSHandshake: localhost:3306, TLSv1.3, TLS_AES_256_GCM_SHA384, 3403965924
14:30:03.775 [main] DEBUG jdk.event.security - X509Certificate: Alg:SHA256withRSA, Serial:2, Subject:CN=MySQL_Server_8.0.34_Auto_Generated_Server_Certificate, Issuer:CN=MySQL_Server_8.0.34_Auto_Generated_CA_Certificate, Key type:RSA, Length:2048, Cert Id:3403965924, Valid from:21/9/23, 08:00, Valid until:18/9/33, 08:00
14:30:03.776 [main] DEBUG jdk.event.security - X509Certificate: Alg:SHA256withRSA, Serial:1, Subject:CN=MySQL_Server_8.0.34_Auto_Generated_CA_Certificate, Issuer:CN=MySQL_Server_8.0.34_Auto_Generated_CA_Certificate, Key type:RSA, Length:2048, Cert Id:1620812319, Valid from:21/9/23, 08:00, Valid until:18/9/33, 08:00
14:30:03.779 [main] DEBUG jdk.event.security -  TLSHandshake: localhost:3306, TLSv1.3, TLS_AES_256_GCM_SHA384, 3403965924
14:33:32.544 [main] INFO  tec.bd.weather.App - Application startup
14:33:33.148 [main] DEBUG jdk.event.security - X509Certificate: Alg:SHA256withRSA, Serial:2, Subject:CN=MySQL_Server_8.0.34_Auto_Generated_Server_Certificate, Issuer:CN=MySQL_Server_8.0.34_Auto_Generated_CA_Certificate, Key type:RSA, Length:2048, Cert Id:3403965924, Valid from:21/9/23, 08:00, Valid until:18/9/33, 08:00
14:33:33.149 [main] DEBUG jdk.event.security - X509Certificate: Alg:SHA256withRSA, Serial:1, Subject:CN=MySQL_Server_8.0.34_Auto_Generated_CA_Certificate, Issuer:CN=MySQL_Server_8.0.34_Auto_Generated_CA_Certificate, Key type:RSA, Length:2048, Cert Id:1620812319, Valid from:21/9/23, 08:00, Valid until:18/9/33, 08:00
14:33:33.161 [main] DEBUG jdk.event.security -  TLSHandshake: localhost:3306, TLSv1.3, TLS_AES_256_GCM_SHA384, 3403965924
14:33:33.269 [main] DEBUG jdk.event.security - X509Certificate: Alg:SHA256withRSA, Serial:2, Subject:CN=MySQL_Server_8.0.34_Auto_Generated_Server_Certificate, Issuer:CN=MySQL_Server_8.0.34_Auto_Generated_CA_Certificate, Key type:RSA, Length:2048, Cert Id:3403965924, Valid from:21/9/23, 08:00, Valid until:18/9/33, 08:00
14:33:33.269 [main] DEBUG jdk.event.security - X509Certificate: Alg:SHA256withRSA, Serial:1, Subject:CN=MySQL_Server_8.0.34_Auto_Generated_CA_Certificate, Issuer:CN=MySQL_Server_8.0.34_Auto_Generated_CA_Certificate, Key type:RSA, Length:2048, Cert Id:1620812319, Valid from:21/9/23, 08:00, Valid until:18/9/33, 08:00
14:33:33.273 [main] DEBUG jdk.event.security -  TLSHandshake: localhost:3306, TLSv1.3, TLS_AES_256_GCM_SHA384, 3403965924
14:36:26.934 [main] INFO  tec.bd.weather.App - Application startup
14:36:27.526 [main] DEBUG jdk.event.security - X509Certificate: Alg:SHA256withRSA, Serial:2, Subject:CN=MySQL_Server_8.0.34_Auto_Generated_Server_Certificate, Issuer:CN=MySQL_Server_8.0.34_Auto_Generated_CA_Certificate, Key type:RSA, Length:2048, Cert Id:3403965924, Valid from:21/9/23, 08:00, Valid until:18/9/33, 08:00
14:36:27.527 [main] DEBUG jdk.event.security - X509Certificate: Alg:SHA256withRSA, Serial:1, Subject:CN=MySQL_Server_8.0.34_Auto_Generated_CA_Certificate, Issuer:CN=MySQL_Server_8.0.34_Auto_Generated_CA_Certificate, Key type:RSA, Length:2048, Cert Id:1620812319, Valid from:21/9/23, 08:00, Valid until:18/9/33, 08:00
14:36:27.540 [main] DEBUG jdk.event.security -  TLSHandshake: localhost:3306, TLSv1.3, TLS_AES_256_GCM_SHA384, 3403965924
14:36:27.645 [main] DEBUG jdk.event.security - X509Certificate: Alg:SHA256withRSA, Serial:2, Subject:CN=MySQL_Server_8.0.34_Auto_Generated_Server_Certificate, Issuer:CN=MySQL_Server_8.0.34_Auto_Generated_CA_Certificate, Key type:RSA, Length:2048, Cert Id:3403965924, Valid from:21/9/23, 08:00, Valid until:18/9/33, 08:00
14:36:27.646 [main] DEBUG jdk.event.security - X509Certificate: Alg:SHA256withRSA, Serial:1, Subject:CN=MySQL_Server_8.0.34_Auto_Generated_CA_Certificate, Issuer:CN=MySQL_Server_8.0.34_Auto_Generated_CA_Certificate, Key type:RSA, Length:2048, Cert Id:1620812319, Valid from:21/9/23, 08:00, Valid until:18/9/33, 08:00
14:36:27.649 [main] DEBUG jdk.event.security -  TLSHandshake: localhost:3306, TLSv1.3, TLS_AES_256_GCM_SHA384, 3403965924
14:54:15.188 [main] INFO  tec.bd.weather.App - Application startup
14:56:49.989 [main] INFO  tec.bd.weather.App - Application startup
14:56:50.644 [main] DEBUG jdk.event.security - X509Certificate: Alg:SHA256withRSA, Serial:2, Subject:CN=MySQL_Server_8.0.34_Auto_Generated_Server_Certificate, Issuer:CN=MySQL_Server_8.0.34_Auto_Generated_CA_Certificate, Key type:RSA, Length:2048, Cert Id:3403965924, Valid from:21/9/23, 08:00, Valid until:18/9/33, 08:00
14:56:50.646 [main] DEBUG jdk.event.security - X509Certificate: Alg:SHA256withRSA, Serial:1, Subject:CN=MySQL_Server_8.0.34_Auto_Generated_CA_Certificate, Issuer:CN=MySQL_Server_8.0.34_Auto_Generated_CA_Certificate, Key type:RSA, Length:2048, Cert Id:1620812319, Valid from:21/9/23, 08:00, Valid until:18/9/33, 08:00
14:56:50.661 [main] DEBUG jdk.event.security -  TLSHandshake: localhost:3306, TLSv1.3, TLS_AES_256_GCM_SHA384, 3403965924
14:58:43.975 [main] INFO  tec.bd.weather.App - Application startup
14:58:44.610 [main] DEBUG jdk.event.security - X509Certificate: Alg:SHA256withRSA, Serial:2, Subject:CN=MySQL_Server_8.0.34_Auto_Generated_Server_Certificate, Issuer:CN=MySQL_Server_8.0.34_Auto_Generated_CA_Certificate, Key type:RSA, Length:2048, Cert Id:3403965924, Valid from:21/9/23, 08:00, Valid until:18/9/33, 08:00
14:58:44.611 [main] DEBUG jdk.event.security - X509Certificate: Alg:SHA256withRSA, Serial:1, Subject:CN=MySQL_Server_8.0.34_Auto_Generated_CA_Certificate, Issuer:CN=MySQL_Server_8.0.34_Auto_Generated_CA_Certificate, Key type:RSA, Length:2048, Cert Id:1620812319, Valid from:21/9/23, 08:00, Valid until:18/9/33, 08:00
14:58:44.624 [main] DEBUG jdk.event.security -  TLSHandshake: localhost:3306, TLSv1.3, TLS_AES_256_GCM_SHA384, 3403965924
14:59:15.982 [main] INFO  tec.bd.weather.App - Application startup
14:59:16.577 [main] DEBUG jdk.event.security - X509Certificate: Alg:SHA256withRSA, Serial:2, Subject:CN=MySQL_Server_8.0.34_Auto_Generated_Server_Certificate, Issuer:CN=MySQL_Server_8.0.34_Auto_Generated_CA_Certificate, Key type:RSA, Length:2048, Cert Id:3403965924, Valid from:21/9/23, 08:00, Valid until:18/9/33, 08:00
14:59:16.578 [main] DEBUG jdk.event.security - X509Certificate: Alg:SHA256withRSA, Serial:1, Subject:CN=MySQL_Server_8.0.34_Auto_Generated_CA_Certificate, Issuer:CN=MySQL_Server_8.0.34_Auto_Generated_CA_Certificate, Key type:RSA, Length:2048, Cert Id:1620812319, Valid from:21/9/23, 08:00, Valid until:18/9/33, 08:00
14:59:16.590 [main] DEBUG jdk.event.security -  TLSHandshake: localhost:3306, TLSv1.3, TLS_AES_256_GCM_SHA384, 3403965924
14:59:37.647 [main] INFO  tec.bd.weather.App - Application startup
14:59:54.647 [main] INFO  tec.bd.weather.App - Application startup
14:59:55.277 [main] DEBUG jdk.event.security - X509Certificate: Alg:SHA256withRSA, Serial:2, Subject:CN=MySQL_Server_8.0.34_Auto_Generated_Server_Certificate, Issuer:CN=MySQL_Server_8.0.34_Auto_Generated_CA_Certificate, Key type:RSA, Length:2048, Cert Id:3403965924, Valid from:21/9/23, 08:00, Valid until:18/9/33, 08:00
14:59:55.278 [main] DEBUG jdk.event.security - X509Certificate: Alg:SHA256withRSA, Serial:1, Subject:CN=MySQL_Server_8.0.34_Auto_Generated_CA_Certificate, Issuer:CN=MySQL_Server_8.0.34_Auto_Generated_CA_Certificate, Key type:RSA, Length:2048, Cert Id:1620812319, Valid from:21/9/23, 08:00, Valid until:18/9/33, 08:00
14:59:55.290 [main] DEBUG jdk.event.security -  TLSHandshake: localhost:3306, TLSv1.3, TLS_AES_256_GCM_SHA384, 3403965924
15:00:23.369 [main] INFO  tec.bd.weather.App - Application startup
15:00:23.968 [main] DEBUG jdk.event.security - X509Certificate: Alg:SHA256withRSA, Serial:2, Subject:CN=MySQL_Server_8.0.34_Auto_Generated_Server_Certificate, Issuer:CN=MySQL_Server_8.0.34_Auto_Generated_CA_Certificate, Key type:RSA, Length:2048, Cert Id:3403965924, Valid from:21/9/23, 08:00, Valid until:18/9/33, 08:00
15:00:23.970 [main] DEBUG jdk.event.security - X509Certificate: Alg:SHA256withRSA, Serial:1, Subject:CN=MySQL_Server_8.0.34_Auto_Generated_CA_Certificate, Issuer:CN=MySQL_Server_8.0.34_Auto_Generated_CA_Certificate, Key type:RSA, Length:2048, Cert Id:1620812319, Valid from:21/9/23, 08:00, Valid until:18/9/33, 08:00
15:00:23.982 [main] DEBUG jdk.event.security -  TLSHandshake: localhost:3306, TLSv1.3, TLS_AES_256_GCM_SHA384, 3403965924
15:06:04.977 [main] INFO  tec.bd.weather.App - Application startup
15:06:05.588 [main] DEBUG jdk.event.security - X509Certificate: Alg:SHA256withRSA, Serial:2, Subject:CN=MySQL_Server_8.0.34_Auto_Generated_Server_Certificate, Issuer:CN=MySQL_Server_8.0.34_Auto_Generated_CA_Certificate, Key type:RSA, Length:2048, Cert Id:3403965924, Valid from:21/9/23, 08:00, Valid until:18/9/33, 08:00
15:06:05.590 [main] DEBUG jdk.event.security - X509Certificate: Alg:SHA256withRSA, Serial:1, Subject:CN=MySQL_Server_8.0.34_Auto_Generated_CA_Certificate, Issuer:CN=MySQL_Server_8.0.34_Auto_Generated_CA_Certificate, Key type:RSA, Length:2048, Cert Id:1620812319, Valid from:21/9/23, 08:00, Valid until:18/9/33, 08:00
15:06:05.603 [main] DEBUG jdk.event.security -  TLSHandshake: localhost:3306, TLSv1.3, TLS_AES_256_GCM_SHA384, 3403965924
15:07:04.250 [main] INFO  tec.bd.weather.App - Application startup
15:07:29.281 [main] INFO  tec.bd.weather.App - Application startup
15:07:29.922 [main] DEBUG jdk.event.security - X509Certificate: Alg:SHA256withRSA, Serial:2, Subject:CN=MySQL_Server_8.0.34_Auto_Generated_Server_Certificate, Issuer:CN=MySQL_Server_8.0.34_Auto_Generated_CA_Certificate, Key type:RSA, Length:2048, Cert Id:3403965924, Valid from:21/9/23, 08:00, Valid until:18/9/33, 08:00
15:07:29.924 [main] DEBUG jdk.event.security - X509Certificate: Alg:SHA256withRSA, Serial:1, Subject:CN=MySQL_Server_8.0.34_Auto_Generated_CA_Certificate, Issuer:CN=MySQL_Server_8.0.34_Auto_Generated_CA_Certificate, Key type:RSA, Length:2048, Cert Id:1620812319, Valid from:21/9/23, 08:00, Valid until:18/9/33, 08:00
15:07:29.937 [main] DEBUG jdk.event.security -  TLSHandshake: localhost:3306, TLSv1.3, TLS_AES_256_GCM_SHA384, 3403965924
15:08:34.481 [main] INFO  tec.bd.weather.App - Application startup
15:08:47.939 [main] INFO  tec.bd.weather.App - Application startup
15:12:55.033 [main] INFO  tec.bd.weather.App - Application startup
15:15:17.590 [main] INFO  tec.bd.weather.App - Application startup
15:18:45.671 [main] INFO  tec.bd.weather.App - Application startup
15:18:46.275 [main] DEBUG jdk.event.security - X509Certificate: Alg:SHA256withRSA, Serial:2, Subject:CN=MySQL_Server_8.0.34_Auto_Generated_Server_Certificate, Issuer:CN=MySQL_Server_8.0.34_Auto_Generated_CA_Certificate, Key type:RSA, Length:2048, Cert Id:3403965924, Valid from:21/9/23, 08:00, Valid until:18/9/33, 08:00
15:18:46.276 [main] DEBUG jdk.event.security - X509Certificate: Alg:SHA256withRSA, Serial:1, Subject:CN=MySQL_Server_8.0.34_Auto_Generated_CA_Certificate, Issuer:CN=MySQL_Server_8.0.34_Auto_Generated_CA_Certificate, Key type:RSA, Length:2048, Cert Id:1620812319, Valid from:21/9/23, 08:00, Valid until:18/9/33, 08:00
15:18:46.290 [main] DEBUG jdk.event.security -  TLSHandshake: localhost:3306, TLSv1.3, TLS_AES_256_GCM_SHA384, 3403965924
15:31:30.238 [main] INFO  tec.bd.weather.App - Application startup
15:31:30.839 [main] DEBUG jdk.event.security - X509Certificate: Alg:SHA256withRSA, Serial:2, Subject:CN=MySQL_Server_8.0.34_Auto_Generated_Server_Certificate, Issuer:CN=MySQL_Server_8.0.34_Auto_Generated_CA_Certificate, Key type:RSA, Length:2048, Cert Id:3403965924, Valid from:21/9/23, 08:00, Valid until:18/9/33, 08:00
15:31:30.840 [main] DEBUG jdk.event.security - X509Certificate: Alg:SHA256withRSA, Serial:1, Subject:CN=MySQL_Server_8.0.34_Auto_Generated_CA_Certificate, Issuer:CN=MySQL_Server_8.0.34_Auto_Generated_CA_Certificate, Key type:RSA, Length:2048, Cert Id:1620812319, Valid from:21/9/23, 08:00, Valid until:18/9/33, 08:00
15:31:30.851 [main] DEBUG jdk.event.security -  TLSHandshake: localhost:3306, TLSv1.3, TLS_AES_256_GCM_SHA384, 3403965924
15:32:51.447 [main] INFO  tec.bd.weather.App - Application startup
15:32:52.047 [main] DEBUG jdk.event.security - X509Certificate: Alg:SHA256withRSA, Serial:2, Subject:CN=MySQL_Server_8.0.34_Auto_Generated_Server_Certificate, Issuer:CN=MySQL_Server_8.0.34_Auto_Generated_CA_Certificate, Key type:RSA, Length:2048, Cert Id:3403965924, Valid from:21/9/23, 08:00, Valid until:18/9/33, 08:00
15:32:52.048 [main] DEBUG jdk.event.security - X509Certificate: Alg:SHA256withRSA, Serial:1, Subject:CN=MySQL_Server_8.0.34_Auto_Generated_CA_Certificate, Issuer:CN=MySQL_Server_8.0.34_Auto_Generated_CA_Certificate, Key type:RSA, Length:2048, Cert Id:1620812319, Valid from:21/9/23, 08:00, Valid until:18/9/33, 08:00
15:32:52.061 [main] DEBUG jdk.event.security -  TLSHandshake: localhost:3306, TLSv1.3, TLS_AES_256_GCM_SHA384, 3403965924
15:32:56.816 [main] INFO  tec.bd.weather.App - Application startup
15:32:57.411 [main] DEBUG jdk.event.security - X509Certificate: Alg:SHA256withRSA, Serial:2, Subject:CN=MySQL_Server_8.0.34_Auto_Generated_Server_Certificate, Issuer:CN=MySQL_Server_8.0.34_Auto_Generated_CA_Certificate, Key type:RSA, Length:2048, Cert Id:3403965924, Valid from:21/9/23, 08:00, Valid until:18/9/33, 08:00
15:32:57.412 [main] DEBUG jdk.event.security - X509Certificate: Alg:SHA256withRSA, Serial:1, Subject:CN=MySQL_Server_8.0.34_Auto_Generated_CA_Certificate, Issuer:CN=MySQL_Server_8.0.34_Auto_Generated_CA_Certificate, Key type:RSA, Length:2048, Cert Id:1620812319, Valid from:21/9/23, 08:00, Valid until:18/9/33, 08:00
15:32:57.424 [main] DEBUG jdk.event.security -  TLSHandshake: localhost:3306, TLSv1.3, TLS_AES_256_GCM_SHA384, 3403965924
15:34:08.511 [main] INFO  tec.bd.weather.App - Application startup
15:40:50.751 [main] INFO  tec.bd.weather.App - Application startup
15:46:39.537 [main] INFO  tec.bd.weather.App - Application startup
15:47:59.395 [main] INFO  tec.bd.weather.App - Application startup
15:48:33.263 [main] INFO  tec.bd.weather.App - Application startup
15:51:40.351 [main] INFO  tec.bd.weather.App - Application startup
16:13:19.643 [main] INFO  tec.bd.weather.App - Application startup
16:13:59.448 [main] INFO  tec.bd.weather.App - Application startup
16:14:48.883 [main] INFO  tec.bd.weather.App - Application startup
16:15:28.650 [main] INFO  tec.bd.weather.App - Application startup
16:18:24.794 [main] INFO  tec.bd.weather.App - Application startup
16:18:25.389 [main] DEBUG jdk.event.security - X509Certificate: Alg:SHA256withRSA, Serial:2, Subject:CN=MySQL_Server_8.0.34_Auto_Generated_Server_Certificate, Issuer:CN=MySQL_Server_8.0.34_Auto_Generated_CA_Certificate, Key type:RSA, Length:2048, Cert Id:3403965924, Valid from:21/9/23, 08:00, Valid until:18/9/33, 08:00
16:18:25.390 [main] DEBUG jdk.event.security - X509Certificate: Alg:SHA256withRSA, Serial:1, Subject:CN=MySQL_Server_8.0.34_Auto_Generated_CA_Certificate, Issuer:CN=MySQL_Server_8.0.34_Auto_Generated_CA_Certificate, Key type:RSA, Length:2048, Cert Id:1620812319, Valid from:21/9/23, 08:00, Valid until:18/9/33, 08:00
16:18:25.409 [main] DEBUG jdk.event.security -  TLSHandshake: localhost:3306, TLSv1.3, TLS_AES_256_GCM_SHA384, 3403965924
16:20:32.611 [main] INFO  tec.bd.weather.App - Application startup
16:20:33.194 [main] DEBUG jdk.event.security - X509Certificate: Alg:SHA256withRSA, Serial:2, Subject:CN=MySQL_Server_8.0.34_Auto_Generated_Server_Certificate, Issuer:CN=MySQL_Server_8.0.34_Auto_Generated_CA_Certificate, Key type:RSA, Length:2048, Cert Id:3403965924, Valid from:21/9/23, 08:00, Valid until:18/9/33, 08:00
16:20:33.195 [main] DEBUG jdk.event.security - X509Certificate: Alg:SHA256withRSA, Serial:1, Subject:CN=MySQL_Server_8.0.34_Auto_Generated_CA_Certificate, Issuer:CN=MySQL_Server_8.0.34_Auto_Generated_CA_Certificate, Key type:RSA, Length:2048, Cert Id:1620812319, Valid from:21/9/23, 08:00, Valid until:18/9/33, 08:00
16:20:33.207 [main] DEBUG jdk.event.security -  TLSHandshake: localhost:3306, TLSv1.3, TLS_AES_256_GCM_SHA384, 3403965924
16:21:00.350 [main] INFO  tec.bd.weather.App - Application startup
16:22:27.021 [main] INFO  tec.bd.weather.App - Application startup
16:24:24.593 [main] INFO  tec.bd.weather.App - Application startup
16:24:25.243 [main] DEBUG jdk.event.security - X509Certificate: Alg:SHA256withRSA, Serial:2, Subject:CN=MySQL_Server_8.0.34_Auto_Generated_Server_Certificate, Issuer:CN=MySQL_Server_8.0.34_Auto_Generated_CA_Certificate, Key type:RSA, Length:2048, Cert Id:3403965924, Valid from:21/9/23, 08:00, Valid until:18/9/33, 08:00
16:24:25.244 [main] DEBUG jdk.event.security - X509Certificate: Alg:SHA256withRSA, Serial:1, Subject:CN=MySQL_Server_8.0.34_Auto_Generated_CA_Certificate, Issuer:CN=MySQL_Server_8.0.34_Auto_Generated_CA_Certificate, Key type:RSA, Length:2048, Cert Id:1620812319, Valid from:21/9/23, 08:00, Valid until:18/9/33, 08:00
16:24:25.256 [main] DEBUG jdk.event.security -  TLSHandshake: localhost:3306, TLSv1.3, TLS_AES_256_GCM_SHA384, 3403965924
16:32:34.946 [main] INFO  tec.bd.weather.App - Application startup
16:32:35.649 [main] DEBUG jdk.event.security - X509Certificate: Alg:SHA256withRSA, Serial:2, Subject:CN=MySQL_Server_8.0.34_Auto_Generated_Server_Certificate, Issuer:CN=MySQL_Server_8.0.34_Auto_Generated_CA_Certificate, Key type:RSA, Length:2048, Cert Id:3403965924, Valid from:21/9/23, 08:00, Valid until:18/9/33, 08:00
16:32:35.650 [main] DEBUG jdk.event.security - X509Certificate: Alg:SHA256withRSA, Serial:1, Subject:CN=MySQL_Server_8.0.34_Auto_Generated_CA_Certificate, Issuer:CN=MySQL_Server_8.0.34_Auto_Generated_CA_Certificate, Key type:RSA, Length:2048, Cert Id:1620812319, Valid from:21/9/23, 08:00, Valid until:18/9/33, 08:00
16:32:35.665 [main] DEBUG jdk.event.security -  TLSHandshake: localhost:3306, TLSv1.3, TLS_AES_256_GCM_SHA384, 3403965924
16:32:51.482 [main] INFO  tec.bd.weather.App - Application startup
16:32:52.145 [main] DEBUG jdk.event.security - X509Certificate: Alg:SHA256withRSA, Serial:2, Subject:CN=MySQL_Server_8.0.34_Auto_Generated_Server_Certificate, Issuer:CN=MySQL_Server_8.0.34_Auto_Generated_CA_Certificate, Key type:RSA, Length:2048, Cert Id:3403965924, Valid from:21/9/23, 08:00, Valid until:18/9/33, 08:00
16:32:52.146 [main] DEBUG jdk.event.security - X509Certificate: Alg:SHA256withRSA, Serial:1, Subject:CN=MySQL_Server_8.0.34_Auto_Generated_CA_Certificate, Issuer:CN=MySQL_Server_8.0.34_Auto_Generated_CA_Certificate, Key type:RSA, Length:2048, Cert Id:1620812319, Valid from:21/9/23, 08:00, Valid until:18/9/33, 08:00
16:32:52.157 [main] DEBUG jdk.event.security -  TLSHandshake: localhost:3306, TLSv1.3, TLS_AES_256_GCM_SHA384, 3403965924
