00:15:01.256 [main] INFO  tec.bd.weather.App - Application startup
00:15:07.563 [main] DEBUG jdk.event.security - X509Certificate: Alg:SHA256withRSA, Serial:2, Subject:CN=MySQL_Server_8.0.34_Auto_Generated_Server_Certificate, Issuer:CN=MySQL_Server_8.0.34_Auto_Generated_CA_Certificate, Key type:RSA, Length:2048, Cert Id:3403965924, Valid from:21/9/23, 08:00, Valid until:18/9/33, 08:00
00:15:07.568 [main] DEBUG jdk.event.security - X509Certificate: Alg:SHA256withRSA, Serial:1, Subject:CN=MySQL_Server_8.0.34_Auto_Generated_CA_Certificate, Issuer:CN=MySQL_Server_8.0.34_Auto_Generated_CA_Certificate, Key type:RSA, Length:2048, Cert Id:1620812319, Valid from:21/9/23, 08:00, Valid until:18/9/33, 08:00
00:15:07.592 [main] DEBUG jdk.event.security -  TLSHandshake: localhost:3306, TLSv1.3, TLS_AES_256_GCM_SHA384, 3403965924
00:25:54.611 [main] INFO  tec.bd.weather.App - Application startup
00:25:55.392 [main] DEBUG jdk.event.security - X509Certificate: Alg:SHA256withRSA, Serial:2, Subject:CN=MySQL_Server_8.0.34_Auto_Generated_Server_Certificate, Issuer:CN=MySQL_Server_8.0.34_Auto_Generated_CA_Certificate, Key type:RSA, Length:2048, Cert Id:3403965924, Valid from:21/9/23, 08:00, Valid until:18/9/33, 08:00
00:25:55.393 [main] DEBUG jdk.event.security - X509Certificate: Alg:SHA256withRSA, Serial:1, Subject:CN=MySQL_Server_8.0.34_Auto_Generated_CA_Certificate, Issuer:CN=MySQL_Server_8.0.34_Auto_Generated_CA_Certificate, Key type:RSA, Length:2048, Cert Id:1620812319, Valid from:21/9/23, 08:00, Valid until:18/9/33, 08:00
00:25:55.409 [main] DEBUG jdk.event.security -  TLSHandshake: localhost:3306, TLSv1.3, TLS_AES_256_GCM_SHA384, 3403965924
00:27:56.309 [main] INFO  tec.bd.weather.App - Application startup
00:27:56.899 [main] DEBUG jdk.event.security - X509Certificate: Alg:SHA256withRSA, Serial:2, Subject:CN=MySQL_Server_8.0.34_Auto_Generated_Server_Certificate, Issuer:CN=MySQL_Server_8.0.34_Auto_Generated_CA_Certificate, Key type:RSA, Length:2048, Cert Id:3403965924, Valid from:21/9/23, 08:00, Valid until:18/9/33, 08:00
00:27:56.900 [main] DEBUG jdk.event.security - X509Certificate: Alg:SHA256withRSA, Serial:1, Subject:CN=MySQL_Server_8.0.34_Auto_Generated_CA_Certificate, Issuer:CN=MySQL_Server_8.0.34_Auto_Generated_CA_Certificate, Key type:RSA, Length:2048, Cert Id:1620812319, Valid from:21/9/23, 08:00, Valid until:18/9/33, 08:00
00:27:56.922 [main] DEBUG jdk.event.security -  TLSHandshake: localhost:3306, TLSv1.3, TLS_AES_256_GCM_SHA384, 3403965924
00:29:07.415 [main] INFO  tec.bd.weather.App - Application startup
00:29:08.080 [main] DEBUG jdk.event.security - X509Certificate: Alg:SHA256withRSA, Serial:2, Subject:CN=MySQL_Server_8.0.34_Auto_Generated_Server_Certificate, Issuer:CN=MySQL_Server_8.0.34_Auto_Generated_CA_Certificate, Key type:RSA, Length:2048, Cert Id:3403965924, Valid from:21/9/23, 08:00, Valid until:18/9/33, 08:00
00:29:08.081 [main] DEBUG jdk.event.security - X509Certificate: Alg:SHA256withRSA, Serial:1, Subject:CN=MySQL_Server_8.0.34_Auto_Generated_CA_Certificate, Issuer:CN=MySQL_Server_8.0.34_Auto_Generated_CA_Certificate, Key type:RSA, Length:2048, Cert Id:1620812319, Valid from:21/9/23, 08:00, Valid until:18/9/33, 08:00
00:29:08.093 [main] DEBUG jdk.event.security -  TLSHandshake: localhost:3306, TLSv1.3, TLS_AES_256_GCM_SHA384, 3403965924
00:29:18.908 [main] INFO  tec.bd.weather.App - Application startup
00:29:19.508 [main] DEBUG jdk.event.security - X509Certificate: Alg:SHA256withRSA, Serial:2, Subject:CN=MySQL_Server_8.0.34_Auto_Generated_Server_Certificate, Issuer:CN=MySQL_Server_8.0.34_Auto_Generated_CA_Certificate, Key type:RSA, Length:2048, Cert Id:3403965924, Valid from:21/9/23, 08:00, Valid until:18/9/33, 08:00
00:29:19.509 [main] DEBUG jdk.event.security - X509Certificate: Alg:SHA256withRSA, Serial:1, Subject:CN=MySQL_Server_8.0.34_Auto_Generated_CA_Certificate, Issuer:CN=MySQL_Server_8.0.34_Auto_Generated_CA_Certificate, Key type:RSA, Length:2048, Cert Id:1620812319, Valid from:21/9/23, 08:00, Valid until:18/9/33, 08:00
00:29:19.520 [main] DEBUG jdk.event.security -  TLSHandshake: localhost:3306, TLSv1.3, TLS_AES_256_GCM_SHA384, 3403965924
00:33:54.992 [main] INFO  tec.bd.weather.App - Application startup
00:33:55.593 [main] DEBUG jdk.event.security - X509Certificate: Alg:SHA256withRSA, Serial:2, Subject:CN=MySQL_Server_8.0.34_Auto_Generated_Server_Certificate, Issuer:CN=MySQL_Server_8.0.34_Auto_Generated_CA_Certificate, Key type:RSA, Length:2048, Cert Id:3403965924, Valid from:21/9/23, 08:00, Valid until:18/9/33, 08:00
00:33:55.600 [main] DEBUG jdk.event.security - X509Certificate: Alg:SHA256withRSA, Serial:1, Subject:CN=MySQL_Server_8.0.34_Auto_Generated_CA_Certificate, Issuer:CN=MySQL_Server_8.0.34_Auto_Generated_CA_Certificate, Key type:RSA, Length:2048, Cert Id:1620812319, Valid from:21/9/23, 08:00, Valid until:18/9/33, 08:00
00:33:55.613 [main] DEBUG jdk.event.security -  TLSHandshake: localhost:3306, TLSv1.3, TLS_AES_256_GCM_SHA384, 3403965924
00:34:15.158 [main] INFO  tec.bd.weather.App - Application startup
00:34:15.814 [main] DEBUG jdk.event.security - X509Certificate: Alg:SHA256withRSA, Serial:2, Subject:CN=MySQL_Server_8.0.34_Auto_Generated_Server_Certificate, Issuer:CN=MySQL_Server_8.0.34_Auto_Generated_CA_Certificate, Key type:RSA, Length:2048, Cert Id:3403965924, Valid from:21/9/23, 08:00, Valid until:18/9/33, 08:00
00:34:15.815 [main] DEBUG jdk.event.security - X509Certificate: Alg:SHA256withRSA, Serial:1, Subject:CN=MySQL_Server_8.0.34_Auto_Generated_CA_Certificate, Issuer:CN=MySQL_Server_8.0.34_Auto_Generated_CA_Certificate, Key type:RSA, Length:2048, Cert Id:1620812319, Valid from:21/9/23, 08:00, Valid until:18/9/33, 08:00
00:34:15.827 [main] DEBUG jdk.event.security -  TLSHandshake: localhost:3306, TLSv1.3, TLS_AES_256_GCM_SHA384, 3403965924
00:40:13.703 [main] INFO  tec.bd.weather.App - Application startup
00:47:20.570 [main] INFO  tec.bd.weather.App - Application startup
00:47:21.328 [main] DEBUG jdk.event.security - X509Certificate: Alg:SHA256withRSA, Serial:2, Subject:CN=MySQL_Server_8.0.34_Auto_Generated_Server_Certificate, Issuer:CN=MySQL_Server_8.0.34_Auto_Generated_CA_Certificate, Key type:RSA, Length:2048, Cert Id:3403965924, Valid from:21/9/23, 08:00, Valid until:18/9/33, 08:00
00:47:21.329 [main] DEBUG jdk.event.security - X509Certificate: Alg:SHA256withRSA, Serial:1, Subject:CN=MySQL_Server_8.0.34_Auto_Generated_CA_Certificate, Issuer:CN=MySQL_Server_8.0.34_Auto_Generated_CA_Certificate, Key type:RSA, Length:2048, Cert Id:1620812319, Valid from:21/9/23, 08:00, Valid until:18/9/33, 08:00
00:47:21.347 [main] DEBUG jdk.event.security -  TLSHandshake: localhost:3306, TLSv1.3, TLS_AES_256_GCM_SHA384, 3403965924
00:47:37.747 [main] INFO  tec.bd.weather.App - Application startup
00:47:38.361 [main] DEBUG jdk.event.security - X509Certificate: Alg:SHA256withRSA, Serial:2, Subject:CN=MySQL_Server_8.0.34_Auto_Generated_Server_Certificate, Issuer:CN=MySQL_Server_8.0.34_Auto_Generated_CA_Certificate, Key type:RSA, Length:2048, Cert Id:3403965924, Valid from:21/9/23, 08:00, Valid until:18/9/33, 08:00
00:47:38.362 [main] DEBUG jdk.event.security - X509Certificate: Alg:SHA256withRSA, Serial:1, Subject:CN=MySQL_Server_8.0.34_Auto_Generated_CA_Certificate, Issuer:CN=MySQL_Server_8.0.34_Auto_Generated_CA_Certificate, Key type:RSA, Length:2048, Cert Id:1620812319, Valid from:21/9/23, 08:00, Valid until:18/9/33, 08:00
00:47:38.375 [main] DEBUG jdk.event.security -  TLSHandshake: localhost:3306, TLSv1.3, TLS_AES_256_GCM_SHA384, 3403965924
00:51:27.986 [main] INFO  tec.bd.weather.App - Application startup
00:51:28.639 [main] DEBUG jdk.event.security - X509Certificate: Alg:SHA256withRSA, Serial:2, Subject:CN=MySQL_Server_8.0.34_Auto_Generated_Server_Certificate, Issuer:CN=MySQL_Server_8.0.34_Auto_Generated_CA_Certificate, Key type:RSA, Length:2048, Cert Id:3403965924, Valid from:21/9/23, 08:00, Valid until:18/9/33, 08:00
00:51:28.640 [main] DEBUG jdk.event.security - X509Certificate: Alg:SHA256withRSA, Serial:1, Subject:CN=MySQL_Server_8.0.34_Auto_Generated_CA_Certificate, Issuer:CN=MySQL_Server_8.0.34_Auto_Generated_CA_Certificate, Key type:RSA, Length:2048, Cert Id:1620812319, Valid from:21/9/23, 08:00, Valid until:18/9/33, 08:00
00:51:28.653 [main] DEBUG jdk.event.security -  TLSHandshake: localhost:3306, TLSv1.3, TLS_AES_256_GCM_SHA384, 3403965924
00:51:58.566 [main] INFO  tec.bd.weather.App - Application startup
00:51:59.207 [main] DEBUG jdk.event.security - X509Certificate: Alg:SHA256withRSA, Serial:2, Subject:CN=MySQL_Server_8.0.34_Auto_Generated_Server_Certificate, Issuer:CN=MySQL_Server_8.0.34_Auto_Generated_CA_Certificate, Key type:RSA, Length:2048, Cert Id:3403965924, Valid from:21/9/23, 08:00, Valid until:18/9/33, 08:00
00:51:59.209 [main] DEBUG jdk.event.security - X509Certificate: Alg:SHA256withRSA, Serial:1, Subject:CN=MySQL_Server_8.0.34_Auto_Generated_CA_Certificate, Issuer:CN=MySQL_Server_8.0.34_Auto_Generated_CA_Certificate, Key type:RSA, Length:2048, Cert Id:1620812319, Valid from:21/9/23, 08:00, Valid until:18/9/33, 08:00
00:51:59.223 [main] DEBUG jdk.event.security -  TLSHandshake: localhost:3306, TLSv1.3, TLS_AES_256_GCM_SHA384, 3403965924
00:53:31.305 [main] INFO  tec.bd.weather.App - Application startup
00:53:31.900 [main] DEBUG jdk.event.security - X509Certificate: Alg:SHA256withRSA, Serial:2, Subject:CN=MySQL_Server_8.0.34_Auto_Generated_Server_Certificate, Issuer:CN=MySQL_Server_8.0.34_Auto_Generated_CA_Certificate, Key type:RSA, Length:2048, Cert Id:3403965924, Valid from:21/9/23, 08:00, Valid until:18/9/33, 08:00
00:53:31.901 [main] DEBUG jdk.event.security - X509Certificate: Alg:SHA256withRSA, Serial:1, Subject:CN=MySQL_Server_8.0.34_Auto_Generated_CA_Certificate, Issuer:CN=MySQL_Server_8.0.34_Auto_Generated_CA_Certificate, Key type:RSA, Length:2048, Cert Id:1620812319, Valid from:21/9/23, 08:00, Valid until:18/9/33, 08:00
00:53:31.914 [main] DEBUG jdk.event.security -  TLSHandshake: localhost:3306, TLSv1.3, TLS_AES_256_GCM_SHA384, 3403965924
00:57:14.963 [main] INFO  tec.bd.weather.App - Application startup
00:57:15.583 [main] DEBUG jdk.event.security - X509Certificate: Alg:SHA256withRSA, Serial:2, Subject:CN=MySQL_Server_8.0.34_Auto_Generated_Server_Certificate, Issuer:CN=MySQL_Server_8.0.34_Auto_Generated_CA_Certificate, Key type:RSA, Length:2048, Cert Id:3403965924, Valid from:21/9/23, 08:00, Valid until:18/9/33, 08:00
00:57:15.584 [main] DEBUG jdk.event.security - X509Certificate: Alg:SHA256withRSA, Serial:1, Subject:CN=MySQL_Server_8.0.34_Auto_Generated_CA_Certificate, Issuer:CN=MySQL_Server_8.0.34_Auto_Generated_CA_Certificate, Key type:RSA, Length:2048, Cert Id:1620812319, Valid from:21/9/23, 08:00, Valid until:18/9/33, 08:00
00:57:15.597 [main] DEBUG jdk.event.security -  TLSHandshake: localhost:3306, TLSv1.3, TLS_AES_256_GCM_SHA384, 3403965924
00:57:58.210 [main] INFO  tec.bd.weather.App - Application startup
00:57:58.830 [main] DEBUG jdk.event.security - X509Certificate: Alg:SHA256withRSA, Serial:2, Subject:CN=MySQL_Server_8.0.34_Auto_Generated_Server_Certificate, Issuer:CN=MySQL_Server_8.0.34_Auto_Generated_CA_Certificate, Key type:RSA, Length:2048, Cert Id:3403965924, Valid from:21/9/23, 08:00, Valid until:18/9/33, 08:00
00:57:58.831 [main] DEBUG jdk.event.security - X509Certificate: Alg:SHA256withRSA, Serial:1, Subject:CN=MySQL_Server_8.0.34_Auto_Generated_CA_Certificate, Issuer:CN=MySQL_Server_8.0.34_Auto_Generated_CA_Certificate, Key type:RSA, Length:2048, Cert Id:1620812319, Valid from:21/9/23, 08:00, Valid until:18/9/33, 08:00
00:57:58.846 [main] DEBUG jdk.event.security -  TLSHandshake: localhost:3306, TLSv1.3, TLS_AES_256_GCM_SHA384, 3403965924
01:01:24.069 [main] INFO  tec.bd.weather.App - Application startup
01:01:24.672 [main] DEBUG jdk.event.security - X509Certificate: Alg:SHA256withRSA, Serial:2, Subject:CN=MySQL_Server_8.0.34_Auto_Generated_Server_Certificate, Issuer:CN=MySQL_Server_8.0.34_Auto_Generated_CA_Certificate, Key type:RSA, Length:2048, Cert Id:3403965924, Valid from:21/9/23, 08:00, Valid until:18/9/33, 08:00
01:01:24.673 [main] DEBUG jdk.event.security - X509Certificate: Alg:SHA256withRSA, Serial:1, Subject:CN=MySQL_Server_8.0.34_Auto_Generated_CA_Certificate, Issuer:CN=MySQL_Server_8.0.34_Auto_Generated_CA_Certificate, Key type:RSA, Length:2048, Cert Id:1620812319, Valid from:21/9/23, 08:00, Valid until:18/9/33, 08:00
01:01:24.686 [main] DEBUG jdk.event.security -  TLSHandshake: localhost:3306, TLSv1.3, TLS_AES_256_GCM_SHA384, 3403965924
01:24:08.837 [main] INFO  tec.bd.weather.App - Application startup
01:24:25.487 [main] INFO  tec.bd.weather.App - Application startup
01:24:26.078 [main] DEBUG jdk.event.security - X509Certificate: Alg:SHA256withRSA, Serial:2, Subject:CN=MySQL_Server_8.0.34_Auto_Generated_Server_Certificate, Issuer:CN=MySQL_Server_8.0.34_Auto_Generated_CA_Certificate, Key type:RSA, Length:2048, Cert Id:3403965924, Valid from:21/9/23, 08:00, Valid until:18/9/33, 08:00
01:24:26.079 [main] DEBUG jdk.event.security - X509Certificate: Alg:SHA256withRSA, Serial:1, Subject:CN=MySQL_Server_8.0.34_Auto_Generated_CA_Certificate, Issuer:CN=MySQL_Server_8.0.34_Auto_Generated_CA_Certificate, Key type:RSA, Length:2048, Cert Id:1620812319, Valid from:21/9/23, 08:00, Valid until:18/9/33, 08:00
01:24:26.091 [main] DEBUG jdk.event.security -  TLSHandshake: localhost:3306, TLSv1.3, TLS_AES_256_GCM_SHA384, 3403965924
01:24:26.192 [main] DEBUG jdk.event.security - X509Certificate: Alg:SHA256withRSA, Serial:2, Subject:CN=MySQL_Server_8.0.34_Auto_Generated_Server_Certificate, Issuer:CN=MySQL_Server_8.0.34_Auto_Generated_CA_Certificate, Key type:RSA, Length:2048, Cert Id:3403965924, Valid from:21/9/23, 08:00, Valid until:18/9/33, 08:00
01:24:26.192 [main] DEBUG jdk.event.security - X509Certificate: Alg:SHA256withRSA, Serial:1, Subject:CN=MySQL_Server_8.0.34_Auto_Generated_CA_Certificate, Issuer:CN=MySQL_Server_8.0.34_Auto_Generated_CA_Certificate, Key type:RSA, Length:2048, Cert Id:1620812319, Valid from:21/9/23, 08:00, Valid until:18/9/33, 08:00
01:24:26.197 [main] DEBUG jdk.event.security -  TLSHandshake: localhost:3306, TLSv1.3, TLS_AES_256_GCM_SHA384, 3403965924
01:25:11.725 [main] INFO  tec.bd.weather.App - Application startup
01:25:12.340 [main] DEBUG jdk.event.security - X509Certificate: Alg:SHA256withRSA, Serial:2, Subject:CN=MySQL_Server_8.0.34_Auto_Generated_Server_Certificate, Issuer:CN=MySQL_Server_8.0.34_Auto_Generated_CA_Certificate, Key type:RSA, Length:2048, Cert Id:3403965924, Valid from:21/9/23, 08:00, Valid until:18/9/33, 08:00
01:25:12.342 [main] DEBUG jdk.event.security - X509Certificate: Alg:SHA256withRSA, Serial:1, Subject:CN=MySQL_Server_8.0.34_Auto_Generated_CA_Certificate, Issuer:CN=MySQL_Server_8.0.34_Auto_Generated_CA_Certificate, Key type:RSA, Length:2048, Cert Id:1620812319, Valid from:21/9/23, 08:00, Valid until:18/9/33, 08:00
01:25:12.354 [main] DEBUG jdk.event.security -  TLSHandshake: localhost:3306, TLSv1.3, TLS_AES_256_GCM_SHA384, 3403965924
01:27:52.521 [main] INFO  tec.bd.weather.App - Application startup
01:27:53.297 [main] DEBUG jdk.event.security - X509Certificate: Alg:SHA256withRSA, Serial:2, Subject:CN=MySQL_Server_8.0.34_Auto_Generated_Server_Certificate, Issuer:CN=MySQL_Server_8.0.34_Auto_Generated_CA_Certificate, Key type:RSA, Length:2048, Cert Id:3403965924, Valid from:21/9/23, 08:00, Valid until:18/9/33, 08:00
01:27:53.308 [main] DEBUG jdk.event.security - X509Certificate: Alg:SHA256withRSA, Serial:1, Subject:CN=MySQL_Server_8.0.34_Auto_Generated_CA_Certificate, Issuer:CN=MySQL_Server_8.0.34_Auto_Generated_CA_Certificate, Key type:RSA, Length:2048, Cert Id:1620812319, Valid from:21/9/23, 08:00, Valid until:18/9/33, 08:00
01:27:53.329 [main] DEBUG jdk.event.security -  TLSHandshake: localhost:3306, TLSv1.3, TLS_AES_256_GCM_SHA384, 3403965924
01:30:15.053 [main] INFO  tec.bd.weather.App - Application startup
01:30:15.701 [main] DEBUG jdk.event.security - X509Certificate: Alg:SHA256withRSA, Serial:2, Subject:CN=MySQL_Server_8.0.34_Auto_Generated_Server_Certificate, Issuer:CN=MySQL_Server_8.0.34_Auto_Generated_CA_Certificate, Key type:RSA, Length:2048, Cert Id:3403965924, Valid from:21/9/23, 08:00, Valid until:18/9/33, 08:00
01:30:15.702 [main] DEBUG jdk.event.security - X509Certificate: Alg:SHA256withRSA, Serial:1, Subject:CN=MySQL_Server_8.0.34_Auto_Generated_CA_Certificate, Issuer:CN=MySQL_Server_8.0.34_Auto_Generated_CA_Certificate, Key type:RSA, Length:2048, Cert Id:1620812319, Valid from:21/9/23, 08:00, Valid until:18/9/33, 08:00
01:30:15.723 [main] DEBUG jdk.event.security -  TLSHandshake: localhost:3306, TLSv1.3, TLS_AES_256_GCM_SHA384, 3403965924
01:32:06.145 [main] INFO  tec.bd.weather.App - Application startup
01:32:06.769 [main] DEBUG jdk.event.security - X509Certificate: Alg:SHA256withRSA, Serial:2, Subject:CN=MySQL_Server_8.0.34_Auto_Generated_Server_Certificate, Issuer:CN=MySQL_Server_8.0.34_Auto_Generated_CA_Certificate, Key type:RSA, Length:2048, Cert Id:3403965924, Valid from:21/9/23, 08:00, Valid until:18/9/33, 08:00
01:32:06.770 [main] DEBUG jdk.event.security - X509Certificate: Alg:SHA256withRSA, Serial:1, Subject:CN=MySQL_Server_8.0.34_Auto_Generated_CA_Certificate, Issuer:CN=MySQL_Server_8.0.34_Auto_Generated_CA_Certificate, Key type:RSA, Length:2048, Cert Id:1620812319, Valid from:21/9/23, 08:00, Valid until:18/9/33, 08:00
01:32:06.783 [main] DEBUG jdk.event.security -  TLSHandshake: localhost:3306, TLSv1.3, TLS_AES_256_GCM_SHA384, 3403965924
01:32:11.895 [main] INFO  tec.bd.weather.App - Application startup
01:32:12.564 [main] DEBUG jdk.event.security - X509Certificate: Alg:SHA256withRSA, Serial:2, Subject:CN=MySQL_Server_8.0.34_Auto_Generated_Server_Certificate, Issuer:CN=MySQL_Server_8.0.34_Auto_Generated_CA_Certificate, Key type:RSA, Length:2048, Cert Id:3403965924, Valid from:21/9/23, 08:00, Valid until:18/9/33, 08:00
01:32:12.565 [main] DEBUG jdk.event.security - X509Certificate: Alg:SHA256withRSA, Serial:1, Subject:CN=MySQL_Server_8.0.34_Auto_Generated_CA_Certificate, Issuer:CN=MySQL_Server_8.0.34_Auto_Generated_CA_Certificate, Key type:RSA, Length:2048, Cert Id:1620812319, Valid from:21/9/23, 08:00, Valid until:18/9/33, 08:00
01:32:12.577 [main] DEBUG jdk.event.security -  TLSHandshake: localhost:3306, TLSv1.3, TLS_AES_256_GCM_SHA384, 3403965924
01:32:38.918 [main] INFO  tec.bd.weather.App - Application startup
01:32:39.622 [main] DEBUG jdk.event.security - X509Certificate: Alg:SHA256withRSA, Serial:2, Subject:CN=MySQL_Server_8.0.34_Auto_Generated_Server_Certificate, Issuer:CN=MySQL_Server_8.0.34_Auto_Generated_CA_Certificate, Key type:RSA, Length:2048, Cert Id:3403965924, Valid from:21/9/23, 08:00, Valid until:18/9/33, 08:00
01:32:39.629 [main] DEBUG jdk.event.security - X509Certificate: Alg:SHA256withRSA, Serial:1, Subject:CN=MySQL_Server_8.0.34_Auto_Generated_CA_Certificate, Issuer:CN=MySQL_Server_8.0.34_Auto_Generated_CA_Certificate, Key type:RSA, Length:2048, Cert Id:1620812319, Valid from:21/9/23, 08:00, Valid until:18/9/33, 08:00
01:32:39.652 [main] DEBUG jdk.event.security -  TLSHandshake: localhost:3306, TLSv1.3, TLS_AES_256_GCM_SHA384, 3403965924
01:33:04.666 [main] INFO  tec.bd.weather.App - Application startup
01:33:05.271 [main] DEBUG jdk.event.security - X509Certificate: Alg:SHA256withRSA, Serial:2, Subject:CN=MySQL_Server_8.0.34_Auto_Generated_Server_Certificate, Issuer:CN=MySQL_Server_8.0.34_Auto_Generated_CA_Certificate, Key type:RSA, Length:2048, Cert Id:3403965924, Valid from:21/9/23, 08:00, Valid until:18/9/33, 08:00
01:33:05.272 [main] DEBUG jdk.event.security - X509Certificate: Alg:SHA256withRSA, Serial:1, Subject:CN=MySQL_Server_8.0.34_Auto_Generated_CA_Certificate, Issuer:CN=MySQL_Server_8.0.34_Auto_Generated_CA_Certificate, Key type:RSA, Length:2048, Cert Id:1620812319, Valid from:21/9/23, 08:00, Valid until:18/9/33, 08:00
01:33:05.285 [main] DEBUG jdk.event.security -  TLSHandshake: localhost:3306, TLSv1.3, TLS_AES_256_GCM_SHA384, 3403965924
01:34:31.155 [main] INFO  tec.bd.weather.App - Application startup
01:34:31.914 [main] DEBUG jdk.event.security - X509Certificate: Alg:SHA256withRSA, Serial:2, Subject:CN=MySQL_Server_8.0.34_Auto_Generated_Server_Certificate, Issuer:CN=MySQL_Server_8.0.34_Auto_Generated_CA_Certificate, Key type:RSA, Length:2048, Cert Id:3403965924, Valid from:21/9/23, 08:00, Valid until:18/9/33, 08:00
01:34:31.920 [main] DEBUG jdk.event.security - X509Certificate: Alg:SHA256withRSA, Serial:1, Subject:CN=MySQL_Server_8.0.34_Auto_Generated_CA_Certificate, Issuer:CN=MySQL_Server_8.0.34_Auto_Generated_CA_Certificate, Key type:RSA, Length:2048, Cert Id:1620812319, Valid from:21/9/23, 08:00, Valid until:18/9/33, 08:00
01:34:31.933 [main] DEBUG jdk.event.security -  TLSHandshake: localhost:3306, TLSv1.3, TLS_AES_256_GCM_SHA384, 3403965924
01:34:32.038 [main] DEBUG jdk.event.security - X509Certificate: Alg:SHA256withRSA, Serial:2, Subject:CN=MySQL_Server_8.0.34_Auto_Generated_Server_Certificate, Issuer:CN=MySQL_Server_8.0.34_Auto_Generated_CA_Certificate, Key type:RSA, Length:2048, Cert Id:3403965924, Valid from:21/9/23, 08:00, Valid until:18/9/33, 08:00
01:34:32.039 [main] DEBUG jdk.event.security - X509Certificate: Alg:SHA256withRSA, Serial:1, Subject:CN=MySQL_Server_8.0.34_Auto_Generated_CA_Certificate, Issuer:CN=MySQL_Server_8.0.34_Auto_Generated_CA_Certificate, Key type:RSA, Length:2048, Cert Id:1620812319, Valid from:21/9/23, 08:00, Valid until:18/9/33, 08:00
01:34:32.043 [main] DEBUG jdk.event.security -  TLSHandshake: localhost:3306, TLSv1.3, TLS_AES_256_GCM_SHA384, 3403965924
01:35:50.324 [main] INFO  tec.bd.weather.App - Application startup
01:36:06.697 [main] INFO  tec.bd.weather.App - Application startup
01:36:07.413 [main] DEBUG jdk.event.security - X509Certificate: Alg:SHA256withRSA, Serial:2, Subject:CN=MySQL_Server_8.0.34_Auto_Generated_Server_Certificate, Issuer:CN=MySQL_Server_8.0.34_Auto_Generated_CA_Certificate, Key type:RSA, Length:2048, Cert Id:3403965924, Valid from:21/9/23, 08:00, Valid until:18/9/33, 08:00
01:36:07.414 [main] DEBUG jdk.event.security - X509Certificate: Alg:SHA256withRSA, Serial:1, Subject:CN=MySQL_Server_8.0.34_Auto_Generated_CA_Certificate, Issuer:CN=MySQL_Server_8.0.34_Auto_Generated_CA_Certificate, Key type:RSA, Length:2048, Cert Id:1620812319, Valid from:21/9/23, 08:00, Valid until:18/9/33, 08:00
01:36:07.426 [main] DEBUG jdk.event.security -  TLSHandshake: localhost:3306, TLSv1.3, TLS_AES_256_GCM_SHA384, 3403965924
01:36:30.393 [main] INFO  tec.bd.weather.App - Application startup
01:36:30.997 [main] DEBUG jdk.event.security - X509Certificate: Alg:SHA256withRSA, Serial:2, Subject:CN=MySQL_Server_8.0.34_Auto_Generated_Server_Certificate, Issuer:CN=MySQL_Server_8.0.34_Auto_Generated_CA_Certificate, Key type:RSA, Length:2048, Cert Id:3403965924, Valid from:21/9/23, 08:00, Valid until:18/9/33, 08:00
01:36:30.998 [main] DEBUG jdk.event.security - X509Certificate: Alg:SHA256withRSA, Serial:1, Subject:CN=MySQL_Server_8.0.34_Auto_Generated_CA_Certificate, Issuer:CN=MySQL_Server_8.0.34_Auto_Generated_CA_Certificate, Key type:RSA, Length:2048, Cert Id:1620812319, Valid from:21/9/23, 08:00, Valid until:18/9/33, 08:00
01:36:31.010 [main] DEBUG jdk.event.security -  TLSHandshake: localhost:3306, TLSv1.3, TLS_AES_256_GCM_SHA384, 3403965924
01:36:49.024 [main] INFO  tec.bd.weather.App - Application startup
01:36:49.702 [main] DEBUG jdk.event.security - X509Certificate: Alg:SHA256withRSA, Serial:2, Subject:CN=MySQL_Server_8.0.34_Auto_Generated_Server_Certificate, Issuer:CN=MySQL_Server_8.0.34_Auto_Generated_CA_Certificate, Key type:RSA, Length:2048, Cert Id:3403965924, Valid from:21/9/23, 08:00, Valid until:18/9/33, 08:00
01:36:49.703 [main] DEBUG jdk.event.security - X509Certificate: Alg:SHA256withRSA, Serial:1, Subject:CN=MySQL_Server_8.0.34_Auto_Generated_CA_Certificate, Issuer:CN=MySQL_Server_8.0.34_Auto_Generated_CA_Certificate, Key type:RSA, Length:2048, Cert Id:1620812319, Valid from:21/9/23, 08:00, Valid until:18/9/33, 08:00
01:36:49.725 [main] DEBUG jdk.event.security -  TLSHandshake: localhost:3306, TLSv1.3, TLS_AES_256_GCM_SHA384, 3403965924
01:37:15.598 [main] INFO  tec.bd.weather.App - Application startup
01:37:16.263 [main] DEBUG jdk.event.security - X509Certificate: Alg:SHA256withRSA, Serial:2, Subject:CN=MySQL_Server_8.0.34_Auto_Generated_Server_Certificate, Issuer:CN=MySQL_Server_8.0.34_Auto_Generated_CA_Certificate, Key type:RSA, Length:2048, Cert Id:3403965924, Valid from:21/9/23, 08:00, Valid until:18/9/33, 08:00
01:37:16.264 [main] DEBUG jdk.event.security - X509Certificate: Alg:SHA256withRSA, Serial:1, Subject:CN=MySQL_Server_8.0.34_Auto_Generated_CA_Certificate, Issuer:CN=MySQL_Server_8.0.34_Auto_Generated_CA_Certificate, Key type:RSA, Length:2048, Cert Id:1620812319, Valid from:21/9/23, 08:00, Valid until:18/9/33, 08:00
01:37:16.288 [main] DEBUG jdk.event.security -  TLSHandshake: localhost:3306, TLSv1.3, TLS_AES_256_GCM_SHA384, 3403965924
01:37:16.393 [main] DEBUG jdk.event.security - X509Certificate: Alg:SHA256withRSA, Serial:2, Subject:CN=MySQL_Server_8.0.34_Auto_Generated_Server_Certificate, Issuer:CN=MySQL_Server_8.0.34_Auto_Generated_CA_Certificate, Key type:RSA, Length:2048, Cert Id:3403965924, Valid from:21/9/23, 08:00, Valid until:18/9/33, 08:00
01:37:16.393 [main] DEBUG jdk.event.security - X509Certificate: Alg:SHA256withRSA, Serial:1, Subject:CN=MySQL_Server_8.0.34_Auto_Generated_CA_Certificate, Issuer:CN=MySQL_Server_8.0.34_Auto_Generated_CA_Certificate, Key type:RSA, Length:2048, Cert Id:1620812319, Valid from:21/9/23, 08:00, Valid until:18/9/33, 08:00
01:37:16.397 [main] DEBUG jdk.event.security -  TLSHandshake: localhost:3306, TLSv1.3, TLS_AES_256_GCM_SHA384, 3403965924
01:37:36.136 [main] INFO  tec.bd.weather.App - Application startup
01:37:36.808 [main] DEBUG jdk.event.security - X509Certificate: Alg:SHA256withRSA, Serial:2, Subject:CN=MySQL_Server_8.0.34_Auto_Generated_Server_Certificate, Issuer:CN=MySQL_Server_8.0.34_Auto_Generated_CA_Certificate, Key type:RSA, Length:2048, Cert Id:3403965924, Valid from:21/9/23, 08:00, Valid until:18/9/33, 08:00
01:37:36.810 [main] DEBUG jdk.event.security - X509Certificate: Alg:SHA256withRSA, Serial:1, Subject:CN=MySQL_Server_8.0.34_Auto_Generated_CA_Certificate, Issuer:CN=MySQL_Server_8.0.34_Auto_Generated_CA_Certificate, Key type:RSA, Length:2048, Cert Id:1620812319, Valid from:21/9/23, 08:00, Valid until:18/9/33, 08:00
01:37:36.827 [main] DEBUG jdk.event.security -  TLSHandshake: localhost:3306, TLSv1.3, TLS_AES_256_GCM_SHA384, 3403965924
01:37:36.956 [main] DEBUG jdk.event.security - X509Certificate: Alg:SHA256withRSA, Serial:2, Subject:CN=MySQL_Server_8.0.34_Auto_Generated_Server_Certificate, Issuer:CN=MySQL_Server_8.0.34_Auto_Generated_CA_Certificate, Key type:RSA, Length:2048, Cert Id:3403965924, Valid from:21/9/23, 08:00, Valid until:18/9/33, 08:00
01:37:36.957 [main] DEBUG jdk.event.security - X509Certificate: Alg:SHA256withRSA, Serial:1, Subject:CN=MySQL_Server_8.0.34_Auto_Generated_CA_Certificate, Issuer:CN=MySQL_Server_8.0.34_Auto_Generated_CA_Certificate, Key type:RSA, Length:2048, Cert Id:1620812319, Valid from:21/9/23, 08:00, Valid until:18/9/33, 08:00
01:37:36.961 [main] DEBUG jdk.event.security -  TLSHandshake: localhost:3306, TLSv1.3, TLS_AES_256_GCM_SHA384, 3403965924
01:38:21.078 [main] INFO  tec.bd.weather.App - Application startup
01:38:21.819 [main] DEBUG jdk.event.security - X509Certificate: Alg:SHA256withRSA, Serial:2, Subject:CN=MySQL_Server_8.0.34_Auto_Generated_Server_Certificate, Issuer:CN=MySQL_Server_8.0.34_Auto_Generated_CA_Certificate, Key type:RSA, Length:2048, Cert Id:3403965924, Valid from:21/9/23, 08:00, Valid until:18/9/33, 08:00
01:38:21.821 [main] DEBUG jdk.event.security - X509Certificate: Alg:SHA256withRSA, Serial:1, Subject:CN=MySQL_Server_8.0.34_Auto_Generated_CA_Certificate, Issuer:CN=MySQL_Server_8.0.34_Auto_Generated_CA_Certificate, Key type:RSA, Length:2048, Cert Id:1620812319, Valid from:21/9/23, 08:00, Valid until:18/9/33, 08:00
01:38:21.834 [main] DEBUG jdk.event.security -  TLSHandshake: localhost:3306, TLSv1.3, TLS_AES_256_GCM_SHA384, 3403965924
01:38:22.027 [main] DEBUG jdk.event.security - X509Certificate: Alg:SHA256withRSA, Serial:2, Subject:CN=MySQL_Server_8.0.34_Auto_Generated_Server_Certificate, Issuer:CN=MySQL_Server_8.0.34_Auto_Generated_CA_Certificate, Key type:RSA, Length:2048, Cert Id:3403965924, Valid from:21/9/23, 08:00, Valid until:18/9/33, 08:00
01:38:22.028 [main] DEBUG jdk.event.security - X509Certificate: Alg:SHA256withRSA, Serial:1, Subject:CN=MySQL_Server_8.0.34_Auto_Generated_CA_Certificate, Issuer:CN=MySQL_Server_8.0.34_Auto_Generated_CA_Certificate, Key type:RSA, Length:2048, Cert Id:1620812319, Valid from:21/9/23, 08:00, Valid until:18/9/33, 08:00
01:38:22.035 [main] DEBUG jdk.event.security -  TLSHandshake: localhost:3306, TLSv1.3, TLS_AES_256_GCM_SHA384, 3403965924
01:39:27.810 [main] INFO  tec.bd.weather.App - Application startup
01:39:28.409 [main] DEBUG jdk.event.security - X509Certificate: Alg:SHA256withRSA, Serial:2, Subject:CN=MySQL_Server_8.0.34_Auto_Generated_Server_Certificate, Issuer:CN=MySQL_Server_8.0.34_Auto_Generated_CA_Certificate, Key type:RSA, Length:2048, Cert Id:3403965924, Valid from:21/9/23, 08:00, Valid until:18/9/33, 08:00
01:39:28.411 [main] DEBUG jdk.event.security - X509Certificate: Alg:SHA256withRSA, Serial:1, Subject:CN=MySQL_Server_8.0.34_Auto_Generated_CA_Certificate, Issuer:CN=MySQL_Server_8.0.34_Auto_Generated_CA_Certificate, Key type:RSA, Length:2048, Cert Id:1620812319, Valid from:21/9/23, 08:00, Valid until:18/9/33, 08:00
01:39:28.428 [main] DEBUG jdk.event.security -  TLSHandshake: localhost:3306, TLSv1.3, TLS_AES_256_GCM_SHA384, 3403965924
01:39:28.534 [main] DEBUG jdk.event.security - X509Certificate: Alg:SHA256withRSA, Serial:2, Subject:CN=MySQL_Server_8.0.34_Auto_Generated_Server_Certificate, Issuer:CN=MySQL_Server_8.0.34_Auto_Generated_CA_Certificate, Key type:RSA, Length:2048, Cert Id:3403965924, Valid from:21/9/23, 08:00, Valid until:18/9/33, 08:00
01:39:28.534 [main] DEBUG jdk.event.security - X509Certificate: Alg:SHA256withRSA, Serial:1, Subject:CN=MySQL_Server_8.0.34_Auto_Generated_CA_Certificate, Issuer:CN=MySQL_Server_8.0.34_Auto_Generated_CA_Certificate, Key type:RSA, Length:2048, Cert Id:1620812319, Valid from:21/9/23, 08:00, Valid until:18/9/33, 08:00
01:39:28.539 [main] DEBUG jdk.event.security -  TLSHandshake: localhost:3306, TLSv1.3, TLS_AES_256_GCM_SHA384, 3403965924
01:39:57.205 [main] INFO  tec.bd.weather.App - Application startup
01:39:57.889 [main] DEBUG jdk.event.security - X509Certificate: Alg:SHA256withRSA, Serial:2, Subject:CN=MySQL_Server_8.0.34_Auto_Generated_Server_Certificate, Issuer:CN=MySQL_Server_8.0.34_Auto_Generated_CA_Certificate, Key type:RSA, Length:2048, Cert Id:3403965924, Valid from:21/9/23, 08:00, Valid until:18/9/33, 08:00
01:39:57.890 [main] DEBUG jdk.event.security - X509Certificate: Alg:SHA256withRSA, Serial:1, Subject:CN=MySQL_Server_8.0.34_Auto_Generated_CA_Certificate, Issuer:CN=MySQL_Server_8.0.34_Auto_Generated_CA_Certificate, Key type:RSA, Length:2048, Cert Id:1620812319, Valid from:21/9/23, 08:00, Valid until:18/9/33, 08:00
01:39:57.902 [main] DEBUG jdk.event.security -  TLSHandshake: localhost:3306, TLSv1.3, TLS_AES_256_GCM_SHA384, 3403965924
01:39:58.004 [main] DEBUG jdk.event.security - X509Certificate: Alg:SHA256withRSA, Serial:2, Subject:CN=MySQL_Server_8.0.34_Auto_Generated_Server_Certificate, Issuer:CN=MySQL_Server_8.0.34_Auto_Generated_CA_Certificate, Key type:RSA, Length:2048, Cert Id:3403965924, Valid from:21/9/23, 08:00, Valid until:18/9/33, 08:00
01:39:58.005 [main] DEBUG jdk.event.security - X509Certificate: Alg:SHA256withRSA, Serial:1, Subject:CN=MySQL_Server_8.0.34_Auto_Generated_CA_Certificate, Issuer:CN=MySQL_Server_8.0.34_Auto_Generated_CA_Certificate, Key type:RSA, Length:2048, Cert Id:1620812319, Valid from:21/9/23, 08:00, Valid until:18/9/33, 08:00
01:39:58.008 [main] DEBUG jdk.event.security -  TLSHandshake: localhost:3306, TLSv1.3, TLS_AES_256_GCM_SHA384, 3403965924
01:46:24.475 [main] INFO  tec.bd.weather.App - Application startup
01:46:25.193 [main] DEBUG jdk.event.security - X509Certificate: Alg:SHA256withRSA, Serial:2, Subject:CN=MySQL_Server_8.0.34_Auto_Generated_Server_Certificate, Issuer:CN=MySQL_Server_8.0.34_Auto_Generated_CA_Certificate, Key type:RSA, Length:2048, Cert Id:3403965924, Valid from:21/9/23, 08:00, Valid until:18/9/33, 08:00
01:46:25.194 [main] DEBUG jdk.event.security - X509Certificate: Alg:SHA256withRSA, Serial:1, Subject:CN=MySQL_Server_8.0.34_Auto_Generated_CA_Certificate, Issuer:CN=MySQL_Server_8.0.34_Auto_Generated_CA_Certificate, Key type:RSA, Length:2048, Cert Id:1620812319, Valid from:21/9/23, 08:00, Valid until:18/9/33, 08:00
01:46:25.214 [main] DEBUG jdk.event.security -  TLSHandshake: localhost:3306, TLSv1.3, TLS_AES_256_GCM_SHA384, 3403965924
01:47:55.552 [main] INFO  tec.bd.weather.App - Application startup
01:47:56.161 [main] DEBUG jdk.event.security - X509Certificate: Alg:SHA256withRSA, Serial:2, Subject:CN=MySQL_Server_8.0.34_Auto_Generated_Server_Certificate, Issuer:CN=MySQL_Server_8.0.34_Auto_Generated_CA_Certificate, Key type:RSA, Length:2048, Cert Id:3403965924, Valid from:21/9/23, 08:00, Valid until:18/9/33, 08:00
01:47:56.162 [main] DEBUG jdk.event.security - X509Certificate: Alg:SHA256withRSA, Serial:1, Subject:CN=MySQL_Server_8.0.34_Auto_Generated_CA_Certificate, Issuer:CN=MySQL_Server_8.0.34_Auto_Generated_CA_Certificate, Key type:RSA, Length:2048, Cert Id:1620812319, Valid from:21/9/23, 08:00, Valid until:18/9/33, 08:00
01:47:56.174 [main] DEBUG jdk.event.security -  TLSHandshake: localhost:3306, TLSv1.3, TLS_AES_256_GCM_SHA384, 3403965924
01:47:56.263 [main] DEBUG jdk.event.security - X509Certificate: Alg:SHA256withRSA, Serial:2, Subject:CN=MySQL_Server_8.0.34_Auto_Generated_Server_Certificate, Issuer:CN=MySQL_Server_8.0.34_Auto_Generated_CA_Certificate, Key type:RSA, Length:2048, Cert Id:3403965924, Valid from:21/9/23, 08:00, Valid until:18/9/33, 08:00
01:47:56.263 [main] DEBUG jdk.event.security - X509Certificate: Alg:SHA256withRSA, Serial:1, Subject:CN=MySQL_Server_8.0.34_Auto_Generated_CA_Certificate, Issuer:CN=MySQL_Server_8.0.34_Auto_Generated_CA_Certificate, Key type:RSA, Length:2048, Cert Id:1620812319, Valid from:21/9/23, 08:00, Valid until:18/9/33, 08:00
01:47:56.266 [main] DEBUG jdk.event.security -  TLSHandshake: localhost:3306, TLSv1.3, TLS_AES_256_GCM_SHA384, 3403965924
01:48:49.753 [main] INFO  tec.bd.weather.App - Application startup
01:48:50.364 [main] DEBUG jdk.event.security - X509Certificate: Alg:SHA256withRSA, Serial:2, Subject:CN=MySQL_Server_8.0.34_Auto_Generated_Server_Certificate, Issuer:CN=MySQL_Server_8.0.34_Auto_Generated_CA_Certificate, Key type:RSA, Length:2048, Cert Id:3403965924, Valid from:21/9/23, 08:00, Valid until:18/9/33, 08:00
01:48:50.365 [main] DEBUG jdk.event.security - X509Certificate: Alg:SHA256withRSA, Serial:1, Subject:CN=MySQL_Server_8.0.34_Auto_Generated_CA_Certificate, Issuer:CN=MySQL_Server_8.0.34_Auto_Generated_CA_Certificate, Key type:RSA, Length:2048, Cert Id:1620812319, Valid from:21/9/23, 08:00, Valid until:18/9/33, 08:00
01:48:50.377 [main] DEBUG jdk.event.security -  TLSHandshake: localhost:3306, TLSv1.3, TLS_AES_256_GCM_SHA384, 3403965924
01:49:52.666 [main] INFO  tec.bd.weather.App - Application startup
01:49:53.275 [main] DEBUG jdk.event.security - X509Certificate: Alg:SHA256withRSA, Serial:2, Subject:CN=MySQL_Server_8.0.34_Auto_Generated_Server_Certificate, Issuer:CN=MySQL_Server_8.0.34_Auto_Generated_CA_Certificate, Key type:RSA, Length:2048, Cert Id:3403965924, Valid from:21/9/23, 08:00, Valid until:18/9/33, 08:00
01:49:53.276 [main] DEBUG jdk.event.security - X509Certificate: Alg:SHA256withRSA, Serial:1, Subject:CN=MySQL_Server_8.0.34_Auto_Generated_CA_Certificate, Issuer:CN=MySQL_Server_8.0.34_Auto_Generated_CA_Certificate, Key type:RSA, Length:2048, Cert Id:1620812319, Valid from:21/9/23, 08:00, Valid until:18/9/33, 08:00
01:49:53.327 [main] DEBUG jdk.event.security -  TLSHandshake: localhost:3306, TLSv1.3, TLS_AES_256_GCM_SHA384, 3403965924
01:50:27.418 [main] INFO  tec.bd.weather.App - Application startup
01:50:28.047 [main] DEBUG jdk.event.security - X509Certificate: Alg:SHA256withRSA, Serial:2, Subject:CN=MySQL_Server_8.0.34_Auto_Generated_Server_Certificate, Issuer:CN=MySQL_Server_8.0.34_Auto_Generated_CA_Certificate, Key type:RSA, Length:2048, Cert Id:3403965924, Valid from:21/9/23, 08:00, Valid until:18/9/33, 08:00
01:50:28.048 [main] DEBUG jdk.event.security - X509Certificate: Alg:SHA256withRSA, Serial:1, Subject:CN=MySQL_Server_8.0.34_Auto_Generated_CA_Certificate, Issuer:CN=MySQL_Server_8.0.34_Auto_Generated_CA_Certificate, Key type:RSA, Length:2048, Cert Id:1620812319, Valid from:21/9/23, 08:00, Valid until:18/9/33, 08:00
01:50:28.061 [main] DEBUG jdk.event.security -  TLSHandshake: localhost:3306, TLSv1.3, TLS_AES_256_GCM_SHA384, 3403965924
01:51:04.137 [main] INFO  tec.bd.weather.App - Application startup
01:51:04.756 [main] DEBUG jdk.event.security - X509Certificate: Alg:SHA256withRSA, Serial:2, Subject:CN=MySQL_Server_8.0.34_Auto_Generated_Server_Certificate, Issuer:CN=MySQL_Server_8.0.34_Auto_Generated_CA_Certificate, Key type:RSA, Length:2048, Cert Id:3403965924, Valid from:21/9/23, 08:00, Valid until:18/9/33, 08:00
01:51:04.757 [main] DEBUG jdk.event.security - X509Certificate: Alg:SHA256withRSA, Serial:1, Subject:CN=MySQL_Server_8.0.34_Auto_Generated_CA_Certificate, Issuer:CN=MySQL_Server_8.0.34_Auto_Generated_CA_Certificate, Key type:RSA, Length:2048, Cert Id:1620812319, Valid from:21/9/23, 08:00, Valid until:18/9/33, 08:00
01:51:04.770 [main] DEBUG jdk.event.security -  TLSHandshake: localhost:3306, TLSv1.3, TLS_AES_256_GCM_SHA384, 3403965924
01:51:04.885 [main] DEBUG jdk.event.security - X509Certificate: Alg:SHA256withRSA, Serial:2, Subject:CN=MySQL_Server_8.0.34_Auto_Generated_Server_Certificate, Issuer:CN=MySQL_Server_8.0.34_Auto_Generated_CA_Certificate, Key type:RSA, Length:2048, Cert Id:3403965924, Valid from:21/9/23, 08:00, Valid until:18/9/33, 08:00
01:51:04.885 [main] DEBUG jdk.event.security - X509Certificate: Alg:SHA256withRSA, Serial:1, Subject:CN=MySQL_Server_8.0.34_Auto_Generated_CA_Certificate, Issuer:CN=MySQL_Server_8.0.34_Auto_Generated_CA_Certificate, Key type:RSA, Length:2048, Cert Id:1620812319, Valid from:21/9/23, 08:00, Valid until:18/9/33, 08:00
01:51:04.888 [main] DEBUG jdk.event.security -  TLSHandshake: localhost:3306, TLSv1.3, TLS_AES_256_GCM_SHA384, 3403965924
01:51:48.796 [main] INFO  tec.bd.weather.App - Application startup
01:51:49.460 [main] DEBUG jdk.event.security - X509Certificate: Alg:SHA256withRSA, Serial:2, Subject:CN=MySQL_Server_8.0.34_Auto_Generated_Server_Certificate, Issuer:CN=MySQL_Server_8.0.34_Auto_Generated_CA_Certificate, Key type:RSA, Length:2048, Cert Id:3403965924, Valid from:21/9/23, 08:00, Valid until:18/9/33, 08:00
01:51:49.462 [main] DEBUG jdk.event.security - X509Certificate: Alg:SHA256withRSA, Serial:1, Subject:CN=MySQL_Server_8.0.34_Auto_Generated_CA_Certificate, Issuer:CN=MySQL_Server_8.0.34_Auto_Generated_CA_Certificate, Key type:RSA, Length:2048, Cert Id:1620812319, Valid from:21/9/23, 08:00, Valid until:18/9/33, 08:00
01:51:49.480 [main] DEBUG jdk.event.security -  TLSHandshake: localhost:3306, TLSv1.3, TLS_AES_256_GCM_SHA384, 3403965924
01:56:28.555 [main] INFO  tec.bd.weather.App - Application startup
01:56:29.251 [main] DEBUG jdk.event.security - X509Certificate: Alg:SHA256withRSA, Serial:2, Subject:CN=MySQL_Server_8.0.34_Auto_Generated_Server_Certificate, Issuer:CN=MySQL_Server_8.0.34_Auto_Generated_CA_Certificate, Key type:RSA, Length:2048, Cert Id:3403965924, Valid from:21/9/23, 08:00, Valid until:18/9/33, 08:00
01:56:29.253 [main] DEBUG jdk.event.security - X509Certificate: Alg:SHA256withRSA, Serial:1, Subject:CN=MySQL_Server_8.0.34_Auto_Generated_CA_Certificate, Issuer:CN=MySQL_Server_8.0.34_Auto_Generated_CA_Certificate, Key type:RSA, Length:2048, Cert Id:1620812319, Valid from:21/9/23, 08:00, Valid until:18/9/33, 08:00
01:56:29.267 [main] DEBUG jdk.event.security -  TLSHandshake: localhost:3306, TLSv1.3, TLS_AES_256_GCM_SHA384, 3403965924
01:56:29.372 [main] DEBUG jdk.event.security - X509Certificate: Alg:SHA256withRSA, Serial:2, Subject:CN=MySQL_Server_8.0.34_Auto_Generated_Server_Certificate, Issuer:CN=MySQL_Server_8.0.34_Auto_Generated_CA_Certificate, Key type:RSA, Length:2048, Cert Id:3403965924, Valid from:21/9/23, 08:00, Valid until:18/9/33, 08:00
01:56:29.373 [main] DEBUG jdk.event.security - X509Certificate: Alg:SHA256withRSA, Serial:1, Subject:CN=MySQL_Server_8.0.34_Auto_Generated_CA_Certificate, Issuer:CN=MySQL_Server_8.0.34_Auto_Generated_CA_Certificate, Key type:RSA, Length:2048, Cert Id:1620812319, Valid from:21/9/23, 08:00, Valid until:18/9/33, 08:00
01:56:29.376 [main] DEBUG jdk.event.security -  TLSHandshake: localhost:3306, TLSv1.3, TLS_AES_256_GCM_SHA384, 3403965924
01:58:05.971 [main] INFO  tec.bd.weather.App - Application startup
01:58:06.614 [main] DEBUG jdk.event.security - X509Certificate: Alg:SHA256withRSA, Serial:2, Subject:CN=MySQL_Server_8.0.34_Auto_Generated_Server_Certificate, Issuer:CN=MySQL_Server_8.0.34_Auto_Generated_CA_Certificate, Key type:RSA, Length:2048, Cert Id:3403965924, Valid from:21/9/23, 08:00, Valid until:18/9/33, 08:00
01:58:06.615 [main] DEBUG jdk.event.security - X509Certificate: Alg:SHA256withRSA, Serial:1, Subject:CN=MySQL_Server_8.0.34_Auto_Generated_CA_Certificate, Issuer:CN=MySQL_Server_8.0.34_Auto_Generated_CA_Certificate, Key type:RSA, Length:2048, Cert Id:1620812319, Valid from:21/9/23, 08:00, Valid until:18/9/33, 08:00
01:58:06.635 [main] DEBUG jdk.event.security -  TLSHandshake: localhost:3306, TLSv1.3, TLS_AES_256_GCM_SHA384, 3403965924
01:58:06.740 [main] DEBUG jdk.event.security - X509Certificate: Alg:SHA256withRSA, Serial:2, Subject:CN=MySQL_Server_8.0.34_Auto_Generated_Server_Certificate, Issuer:CN=MySQL_Server_8.0.34_Auto_Generated_CA_Certificate, Key type:RSA, Length:2048, Cert Id:3403965924, Valid from:21/9/23, 08:00, Valid until:18/9/33, 08:00
01:58:06.740 [main] DEBUG jdk.event.security - X509Certificate: Alg:SHA256withRSA, Serial:1, Subject:CN=MySQL_Server_8.0.34_Auto_Generated_CA_Certificate, Issuer:CN=MySQL_Server_8.0.34_Auto_Generated_CA_Certificate, Key type:RSA, Length:2048, Cert Id:1620812319, Valid from:21/9/23, 08:00, Valid until:18/9/33, 08:00
01:58:06.745 [main] DEBUG jdk.event.security -  TLSHandshake: localhost:3306, TLSv1.3, TLS_AES_256_GCM_SHA384, 3403965924
01:58:36.645 [main] INFO  tec.bd.weather.App - Application startup
01:58:37.227 [main] DEBUG jdk.event.security - X509Certificate: Alg:SHA256withRSA, Serial:2, Subject:CN=MySQL_Server_8.0.34_Auto_Generated_Server_Certificate, Issuer:CN=MySQL_Server_8.0.34_Auto_Generated_CA_Certificate, Key type:RSA, Length:2048, Cert Id:3403965924, Valid from:21/9/23, 08:00, Valid until:18/9/33, 08:00
01:58:37.228 [main] DEBUG jdk.event.security - X509Certificate: Alg:SHA256withRSA, Serial:1, Subject:CN=MySQL_Server_8.0.34_Auto_Generated_CA_Certificate, Issuer:CN=MySQL_Server_8.0.34_Auto_Generated_CA_Certificate, Key type:RSA, Length:2048, Cert Id:1620812319, Valid from:21/9/23, 08:00, Valid until:18/9/33, 08:00
01:58:37.248 [main] DEBUG jdk.event.security -  TLSHandshake: localhost:3306, TLSv1.3, TLS_AES_256_GCM_SHA384, 3403965924
01:58:37.357 [main] DEBUG jdk.event.security - X509Certificate: Alg:SHA256withRSA, Serial:2, Subject:CN=MySQL_Server_8.0.34_Auto_Generated_Server_Certificate, Issuer:CN=MySQL_Server_8.0.34_Auto_Generated_CA_Certificate, Key type:RSA, Length:2048, Cert Id:3403965924, Valid from:21/9/23, 08:00, Valid until:18/9/33, 08:00
01:58:37.358 [main] DEBUG jdk.event.security - X509Certificate: Alg:SHA256withRSA, Serial:1, Subject:CN=MySQL_Server_8.0.34_Auto_Generated_CA_Certificate, Issuer:CN=MySQL_Server_8.0.34_Auto_Generated_CA_Certificate, Key type:RSA, Length:2048, Cert Id:1620812319, Valid from:21/9/23, 08:00, Valid until:18/9/33, 08:00
01:58:37.362 [main] DEBUG jdk.event.security -  TLSHandshake: localhost:3306, TLSv1.3, TLS_AES_256_GCM_SHA384, 3403965924
01:59:26.653 [main] INFO  tec.bd.weather.App - Application startup
01:59:27.356 [main] DEBUG jdk.event.security - X509Certificate: Alg:SHA256withRSA, Serial:2, Subject:CN=MySQL_Server_8.0.34_Auto_Generated_Server_Certificate, Issuer:CN=MySQL_Server_8.0.34_Auto_Generated_CA_Certificate, Key type:RSA, Length:2048, Cert Id:3403965924, Valid from:21/9/23, 08:00, Valid until:18/9/33, 08:00
01:59:27.357 [main] DEBUG jdk.event.security - X509Certificate: Alg:SHA256withRSA, Serial:1, Subject:CN=MySQL_Server_8.0.34_Auto_Generated_CA_Certificate, Issuer:CN=MySQL_Server_8.0.34_Auto_Generated_CA_Certificate, Key type:RSA, Length:2048, Cert Id:1620812319, Valid from:21/9/23, 08:00, Valid until:18/9/33, 08:00
01:59:27.372 [main] DEBUG jdk.event.security -  TLSHandshake: localhost:3306, TLSv1.3, TLS_AES_256_GCM_SHA384, 3403965924
01:59:27.543 [main] DEBUG jdk.event.security - X509Certificate: Alg:SHA256withRSA, Serial:2, Subject:CN=MySQL_Server_8.0.34_Auto_Generated_Server_Certificate, Issuer:CN=MySQL_Server_8.0.34_Auto_Generated_CA_Certificate, Key type:RSA, Length:2048, Cert Id:3403965924, Valid from:21/9/23, 08:00, Valid until:18/9/33, 08:00
01:59:27.544 [main] DEBUG jdk.event.security - X509Certificate: Alg:SHA256withRSA, Serial:1, Subject:CN=MySQL_Server_8.0.34_Auto_Generated_CA_Certificate, Issuer:CN=MySQL_Server_8.0.34_Auto_Generated_CA_Certificate, Key type:RSA, Length:2048, Cert Id:1620812319, Valid from:21/9/23, 08:00, Valid until:18/9/33, 08:00
01:59:27.556 [main] DEBUG jdk.event.security -  TLSHandshake: localhost:3306, TLSv1.3, TLS_AES_256_GCM_SHA384, 3403965924
